1525599814929	geckodriver	INFO	geckodriver 0.20.1
1525599814934	geckodriver	INFO	Listening on 127.0.0.1:62057
1525599817933	mozrunner::runner	INFO	Running command: "C:\\Program Files\\Mozilla Firefox\\firefox.exe" "-marionette" "-profile" "C:\\Users\\juhis\\AppData\\Local\\Temp\\rust_mozprofile.YCz2TgfzmLp3"
1525599818038	addons.manager	DEBUG	Application has been upgraded
1525599818046	addons.manager	DEBUG	Loaded provider scope for resource://gre/modules/addons/XPIProvider.jsm: ["XPIProvider", "XPIInternal"]
1525599818048	addons.manager	DEBUG	Loaded provider scope for resource://gre/modules/LightweightThemeManager.jsm: ["LightweightThemeManager"]
1525599818056	addons.manager	DEBUG	Loaded provider scope for resource://gre/modules/addons/GMPProvider.jsm
1525599818058	addons.manager	DEBUG	Loaded provider scope for resource://gre/modules/addons/PluginProvider.jsm
1525599818058	addons.manager	DEBUG	Starting provider: XPIProvider
1525599818058	addons.xpi	DEBUG	startup
1525599818058	addons.xpi	INFO	SystemAddonInstallLocation directory is missing
1525599818058	addons.xpi	INFO	Removing all system add-on upgrades.
1525599818058	addons.xpi	DEBUG	checkForChanges
1525599818058	addons.xpi	DEBUG	Loaded add-on state: ${}
1525599818058	addons.xpi	INFO	Mapping activity-stream@mozilla.org to C:\Program Files\Mozilla Firefox\browser\features\activity-stream@mozilla.org.xpi
1525599818058	addons.xpi	INFO	Mapping aushelper@mozilla.org to C:\Program Files\Mozilla Firefox\browser\features\aushelper@mozilla.org.xpi
1525599818058	addons.xpi	INFO	Mapping firefox@getpocket.com to C:\Program Files\Mozilla Firefox\browser\features\firefox@getpocket.com.xpi
1525599818058	addons.xpi	INFO	Mapping followonsearch@mozilla.com to C:\Program Files\Mozilla Firefox\browser\features\followonsearch@mozilla.com.xpi
1525599818058	addons.xpi	INFO	Mapping formautofill@mozilla.org to C:\Program Files\Mozilla Firefox\browser\features\formautofill@mozilla.org.xpi
1525599818058	addons.xpi	INFO	Mapping onboarding@mozilla.org to C:\Program Files\Mozilla Firefox\browser\features\onboarding@mozilla.org.xpi
1525599818058	addons.xpi	INFO	Mapping screenshots@mozilla.org to C:\Program Files\Mozilla Firefox\browser\features\screenshots@mozilla.org.xpi
1525599818058	addons.xpi	INFO	Mapping shield-recipe-client@mozilla.org to C:\Program Files\Mozilla Firefox\browser\features\shield-recipe-client@mozilla.org.xpi
1525599818060	addons.xpi	INFO	Mapping webcompat@mozilla.org to C:\Program Files\Mozilla Firefox\browser\features\webcompat@mozilla.org.xpi
1525599818060	addons.xpi	DEBUG	New add-on activity-stream@mozilla.org in app-system-defaults
1525599818060	addons.xpi	DEBUG	New add-on aushelper@mozilla.org in app-system-defaults
1525599818060	addons.xpi	DEBUG	New add-on firefox@getpocket.com in app-system-defaults
1525599818060	addons.xpi	DEBUG	New add-on followonsearch@mozilla.com in app-system-defaults
1525599818060	addons.xpi	DEBUG	New add-on formautofill@mozilla.org in app-system-defaults
1525599818060	addons.xpi	DEBUG	New add-on onboarding@mozilla.org in app-system-defaults
1525599818062	addons.xpi	DEBUG	New add-on screenshots@mozilla.org in app-system-defaults
1525599818062	addons.xpi	DEBUG	New add-on shield-recipe-client@mozilla.org in app-system-defaults
1525599818062	addons.xpi	DEBUG	New add-on webcompat@mozilla.org in app-system-defaults
1525599818062	addons.xpi	INFO	Mapping {972ce4c6-7e08-4474-a285-3208198ce6fd} to C:\Program Files\Mozilla Firefox\browser\extensions\{972ce4c6-7e08-4474-a285-3208198ce6fd}.xpi
1525599818062	addons.xpi	DEBUG	New add-on {972ce4c6-7e08-4474-a285-3208198ce6fd} in app-global
1525599818062	addons.xpi	DEBUG	getInstallState changed: true, state: {}
1525599818062	addons.xpi	INFO	SystemAddonInstallLocation directory is missing
1525599818064	addons.xpi-utils	DEBUG	Opening XPI database C:\Users\juhis\AppData\Local\Temp\rust_mozprofile.YCz2TgfzmLp3\extensions.json
1525599818066	addons.xpi-utils	DEBUG	New add-on activity-stream@mozilla.org installed in app-system-defaults
*** Blocklist::_loadBlocklistFromFile: blocklist is disabled
1525599818076	addons.xpi-utils	DEBUG	New add-on aushelper@mozilla.org installed in app-system-defaults
1525599818076	addons.xpi-utils	DEBUG	New add-on firefox@getpocket.com installed in app-system-defaults
1525599818078	addons.xpi-utils	DEBUG	New add-on followonsearch@mozilla.com installed in app-system-defaults
1525599818080	addons.xpi-utils	DEBUG	New add-on formautofill@mozilla.org installed in app-system-defaults
1525599818082	addons.xpi-utils	DEBUG	New add-on onboarding@mozilla.org installed in app-system-defaults
1525599818082	addons.xpi-utils	DEBUG	New add-on screenshots@mozilla.org installed in app-system-defaults
1525599818086	addons.xpi-utils	DEBUG	New add-on shield-recipe-client@mozilla.org installed in app-system-defaults
1525599818086	addons.xpi-utils	DEBUG	New add-on webcompat@mozilla.org installed in app-system-defaults
1525599818088	addons.xpi-utils	DEBUG	New add-on {972ce4c6-7e08-4474-a285-3208198ce6fd} installed in app-global
1525599818090	addons.manager	DEBUG	Registering startup change 'installed' for activity-stream@mozilla.org
1525599818092	addons.xpi	DEBUG	Loading bootstrap scope from C:\Program Files\Mozilla Firefox\browser\features\activity-stream@mozilla.org.xpi
1525599818092	addons.xpi	DEBUG	Calling bootstrap method install on activity-stream@mozilla.org version 2018.02.17.0026-173e2795
1525599818094	addons.xpi-utils	DEBUG	Make addon app-system-defaults:activity-stream@mozilla.org visible
1525599818094	addons.xpi	DEBUG	Updating XPIState for {"id":"activity-stream@mozilla.org","syncGUID":"{57c7b6cc-f3bf-42cf-9689-0bad50de1fec}","location":"app-system-defaults","version":"2018.02.17.0026-173e2795","type":"extension","internalName":null,"updateURL":null,"updateKey":null,"optionsURL":null,"optionsType":null,"aboutURL":null,"defaultLocale":{"name":"Activity Stream","description":"A rich visual history feed and a reimagined home page make it easier than ever to find exactly what you're looking for in Firefox.","creator":null,"homepageURL":null},"visible":true,"active":false,"userDisabled":false,"appDisabled":false,"installDate":1525276296976,"updateDate":1525276296976,"applyBackgroundUpdates":1,"bootstrap":true,"path":"C:\\Program Files\\Mozilla Firefox\\browser\\features\\activity-stream@mozilla.org.xpi","skinnable":false,"size":2766943,"sourceURI":null,"releaseNotesURI":null,"softDisabled":false,"foreignInstall":false,"hasBinaryComponents":false,"strictCompatibility":false,"locales":[],"targetApplications":[{"id":"{ec8030f7-c20a-464f-9b0e-13a3a9e97384}","minVersion":"59.0.3","maxVersion":"59.*"}],"targetPlatforms":[],"multiprocessCompatible":true,"seen":true,"dependencies":[],"hasEmbeddedWebExtension":false,"mpcOptedOut":false,"userPermissions":null,"icons":{},"iconURL":null,"icon64URL":null,"blocklistState":0,"blocklistURL":null,"startupData":null}
1525599818094	addons.manager	DEBUG	Registering startup change 'installed' for aushelper@mozilla.org
1525599818094	addons.xpi	DEBUG	Loading bootstrap scope from C:\Program Files\Mozilla Firefox\browser\features\aushelper@mozilla.org.xpi
1525599818096	addons.xpi	DEBUG	Calling bootstrap method install on aushelper@mozilla.org version 2.0
1525599818096	addons.xpi-utils	DEBUG	Make addon app-system-defaults:aushelper@mozilla.org visible
1525599818096	addons.xpi	DEBUG	Updating XPIState for {"id":"aushelper@mozilla.org","syncGUID":"{1807b50a-3330-4a52-bc34-81aa10be0581}","location":"app-system-defaults","version":"2.0","type":"extension","internalName":null,"updateURL":null,"updateKey":null,"optionsURL":null,"optionsType":null,"aboutURL":null,"defaultLocale":{"name":"Application Update Service Helper","description":"Sets value(s) in the update url based on custom checks.","creator":null,"homepageURL":null},"visible":true,"active":false,"userDisabled":false,"appDisabled":false,"installDate":1525276296960,"updateDate":1525276296960,"applyBackgroundUpdates":1,"bootstrap":true,"path":"C:\\Program Files\\Mozilla Firefox\\browser\\features\\aushelper@mozilla.org.xpi","skinnable":false,"size":8488,"sourceURI":null,"releaseNotesURI":null,"softDisabled":false,"foreignInstall":false,"hasBinaryComponents":false,"strictCompatibility":false,"locales":[],"targetApplications":[{"id":"{ec8030f7-c20a-464f-9b0e-13a3a9e97384}","minVersion":"59.0.3","maxVersion":"59.*"}],"targetPlatforms":[],"multiprocessCompatible":true,"seen":true,"dependencies":[],"hasEmbeddedWebExtension":false,"mpcOptedOut":false,"userPermissions":null,"icons":{},"iconURL":null,"icon64URL":null,"blocklistState":0,"blocklistURL":null,"startupData":null}
1525599818096	addons.manager	DEBUG	Registering startup change 'installed' for firefox@getpocket.com
1525599818096	addons.xpi	DEBUG	Loading bootstrap scope from C:\Program Files\Mozilla Firefox\browser\features\firefox@getpocket.com.xpi
1525599818098	addons.xpi	DEBUG	Calling bootstrap method install on firefox@getpocket.com version 1.0.5
1525599818098	addons.xpi-utils	DEBUG	Make addon app-system-defaults:firefox@getpocket.com visible
1525599818098	addons.xpi	DEBUG	Updating XPIState for {"id":"firefox@getpocket.com","syncGUID":"{91bbed36-9d48-484d-8faa-7ec2466d3234}","location":"app-system-defaults","version":"1.0.5","type":"extension","internalName":null,"updateURL":null,"updateKey":null,"optionsURL":null,"optionsType":null,"aboutURL":null,"defaultLocale":{"name":"Pocket","description":"When you find something you want to view later, put it in Pocket.","creator":null,"homepageURL":null},"visible":true,"active":false,"userDisabled":false,"appDisabled":false,"installDate":1525276296958,"updateDate":1525276296958,"applyBackgroundUpdates":1,"bootstrap":true,"path":"C:\\Program Files\\Mozilla Firefox\\browser\\features\\firefox@getpocket.com.xpi","skinnable":false,"size":916592,"sourceURI":null,"releaseNotesURI":null,"softDisabled":false,"foreignInstall":false,"hasBinaryComponents":false,"strictCompatibility":false,"locales":[],"targetApplications":[{"id":"{ec8030f7-c20a-464f-9b0e-13a3a9e97384}","minVersion":"59.0.3","maxVersion":"59.*"}],"targetPlatforms":[],"multiprocessCompatible":true,"seen":true,"dependencies":[],"hasEmbeddedWebExtension":false,"mpcOptedOut":false,"userPermissions":null,"icons":{},"iconURL":null,"icon64URL":null,"blocklistState":0,"blocklistURL":null,"startupData":null}
1525599818098	addons.manager	DEBUG	Registering startup change 'installed' for followonsearch@mozilla.com
1525599818098	addons.xpi	DEBUG	Loading bootstrap scope from C:\Program Files\Mozilla Firefox\browser\features\followonsearch@mozilla.com.xpi
1525599818100	addons.xpi	DEBUG	Calling bootstrap method install on followonsearch@mozilla.com version 0.9.6
1525599818100	addons.xpi-utils	DEBUG	Make addon app-system-defaults:followonsearch@mozilla.com visible
1525599818100	addons.xpi	DEBUG	Updating XPIState for {"id":"followonsearch@mozilla.com","syncGUID":"{854c5d74-56cf-4899-8a47-443fe80c2ef1}","location":"app-system-defaults","version":"0.9.6","type":"extension","internalName":null,"updateURL":null,"updateKey":null,"optionsURL":null,"optionsType":null,"aboutURL":null,"defaultLocale":{"name":"Follow-on Search Telemetry","description":null,"creator":null,"homepageURL":null},"visible":true,"active":false,"userDisabled":false,"appDisabled":false,"installDate":1521832323876,"updateDate":1521832323876,"applyBackgroundUpdates":1,"bootstrap":true,"path":"C:\\Program Files\\Mozilla Firefox\\browser\\features\\followonsearch@mozilla.com.xpi","skinnable":false,"size":18625,"sourceURI":null,"releaseNotesURI":null,"softDisabled":false,"foreignInstall":false,"hasBinaryComponents":false,"strictCompatibility":false,"locales":[],"targetApplications":[{"id":"{ec8030f7-c20a-464f-9b0e-13a3a9e97384}","minVersion":"52.0","maxVersion":"66.*"}],"targetPlatforms":[],"multiprocessCompatible":true,"seen":true,"dependencies":[],"hasEmbeddedWebExtension":false,"mpcOptedOut":false,"userPermissions":null,"icons":{},"iconURL":null,"icon64URL":null,"blocklistState":0,"blocklistURL":null,"startupData":null}
1525599818100	addons.manager	DEBUG	Registering startup change 'installed' for formautofill@mozilla.org
1525599818100	addons.xpi	DEBUG	Loading bootstrap scope from C:\Program Files\Mozilla Firefox\browser\features\formautofill@mozilla.org.xpi
1525599818100	addons.xpi	DEBUG	Calling bootstrap method install on formautofill@mozilla.org version 1.0
1525599818102	addons.xpi-utils	DEBUG	Make addon app-system-defaults:formautofill@mozilla.org visible
1525599818102	addons.xpi	DEBUG	Updating XPIState for {"id":"formautofill@mozilla.org","syncGUID":"{8d123343-28c8-41bc-b792-1d5cd30a7186}","location":"app-system-defaults","version":"1.0","type":"extension","internalName":null,"updateURL":null,"updateKey":null,"optionsURL":null,"optionsType":null,"aboutURL":null,"defaultLocale":{"name":"Form Autofill","description":"Autofill forms with saved profiles","creator":null,"homepageURL":null},"visible":true,"active":false,"userDisabled":false,"appDisabled":false,"installDate":1525276296950,"updateDate":1525276296950,"applyBackgroundUpdates":1,"bootstrap":true,"path":"C:\\Program Files\\Mozilla Firefox\\browser\\features\\formautofill@mozilla.org.xpi","skinnable":false,"size":458507,"sourceURI":null,"releaseNotesURI":null,"softDisabled":false,"foreignInstall":false,"hasBinaryComponents":false,"strictCompatibility":false,"locales":[],"targetApplications":[{"id":"{ec8030f7-c20a-464f-9b0e-13a3a9e97384}","minVersion":"59.0.3","maxVersion":"59.*"}],"targetPlatforms":[],"multiprocessCompatible":true,"seen":true,"dependencies":[],"hasEmbeddedWebExtension":false,"mpcOptedOut":false,"userPermissions":null,"icons":{},"iconURL":null,"icon64URL":null,"blocklistState":0,"blocklistURL":null,"startupData":null}
1525599818102	addons.manager	DEBUG	Registering startup change 'installed' for onboarding@mozilla.org
1525599818102	addons.xpi	DEBUG	Loading bootstrap scope from C:\Program Files\Mozilla Firefox\browser\features\onboarding@mozilla.org.xpi
1525599818102	addons.xpi	DEBUG	Calling bootstrap method install on onboarding@mozilla.org version 1.0
1525599818102	addons.xpi-utils	DEBUG	Make addon app-system-defaults:onboarding@mozilla.org visible
1525599818102	addons.xpi	DEBUG	Updating XPIState for {"id":"onboarding@mozilla.org","syncGUID":"{64d29a8a-5869-4d73-9e4e-ec99f57ac847}","location":"app-system-defaults","version":"1.0","type":"extension","internalName":null,"updateURL":null,"updateKey":null,"optionsURL":null,"optionsType":null,"aboutURL":null,"defaultLocale":{"name":"Photon onboarding","description":"Photon onboarding","creator":null,"homepageURL":null},"visible":true,"active":false,"userDisabled":false,"appDisabled":false,"installDate":1525276296946,"updateDate":1525276296946,"applyBackgroundUpdates":1,"bootstrap":true,"path":"C:\\Program Files\\Mozilla Firefox\\browser\\features\\onboarding@mozilla.org.xpi","skinnable":false,"size":567200,"sourceURI":null,"releaseNotesURI":null,"softDisabled":false,"foreignInstall":false,"hasBinaryComponents":false,"strictCompatibility":false,"locales":[],"targetApplications":[{"id":"{ec8030f7-c20a-464f-9b0e-13a3a9e97384}","minVersion":"59.0.3","maxVersion":"59.*"}],"targetPlatforms":[],"multiprocessCompatible":true,"seen":true,"dependencies":[],"hasEmbeddedWebExtension":false,"mpcOptedOut":false,"userPermissions":null,"icons":{},"iconURL":null,"icon64URL":null,"blocklistState":0,"blocklistURL":null,"startupData":null}
1525599818102	addons.manager	DEBUG	Registering startup change 'installed' for screenshots@mozilla.org
1525599818104	addons.xpi	DEBUG	Loading bootstrap scope from C:\Program Files\Mozilla Firefox\browser\features\screenshots@mozilla.org.xpi
1525599818104	addons.xpi	DEBUG	Calling bootstrap method install on screenshots@mozilla.org version 25.0.0
1525599818104	addons.xpi-utils	DEBUG	Make addon app-system-defaults:screenshots@mozilla.org visible
1525599818104	addons.xpi	DEBUG	Updating XPIState for {"id":"screenshots@mozilla.org","syncGUID":"{fe2bc053-03d4-4e0d-b3f5-377fdd55ae64}","location":"app-system-defaults","version":"25.0.0","type":"extension","internalName":null,"updateURL":null,"updateKey":null,"optionsURL":null,"optionsType":null,"aboutURL":null,"defaultLocale":{"name":"Firefox Screenshots","description":null,"creator":null,"homepageURL":"https://screenshots.firefox.com/"},"visible":true,"active":false,"userDisabled":false,"appDisabled":false,"installDate":1521832323894,"updateDate":1521832323894,"applyBackgroundUpdates":1,"bootstrap":true,"path":"C:\\Program Files\\Mozilla Firefox\\browser\\features\\screenshots@mozilla.org.xpi","skinnable":false,"size":994512,"sourceURI":null,"releaseNotesURI":null,"softDisabled":false,"foreignInstall":false,"hasBinaryComponents":false,"strictCompatibility":false,"locales":[],"targetApplications":[{"id":"{ec8030f7-c20a-464f-9b0e-13a3a9e97384}","minVersion":"57.0a1","maxVersion":"*"}],"targetPlatforms":[],"multiprocessCompatible":true,"seen":true,"dependencies":[],"hasEmbeddedWebExtension":false,"mpcOptedOut":false,"userPermissions":null,"icons":{},"iconURL":null,"icon64URL":null,"blocklistState":0,"blocklistURL":null,"startupData":null}
1525599818104	addons.manager	DEBUG	Registering startup change 'installed' for shield-recipe-client@mozilla.org
1525599818104	addons.xpi	DEBUG	Loading bootstrap scope from C:\Program Files\Mozilla Firefox\browser\features\shield-recipe-client@mozilla.org.xpi
1525599818106	addons.xpi	DEBUG	Calling bootstrap method install on shield-recipe-client@mozilla.org version 80
1525599818106	addons.xpi-utils	DEBUG	Make addon app-system-defaults:shield-recipe-client@mozilla.org visible
1525599818106	addons.xpi	DEBUG	Updating XPIState for {"id":"shield-recipe-client@mozilla.org","syncGUID":"{0c1e0ca2-2c6e-486d-b44e-07e67c102f7b}","location":"app-system-defaults","version":"80","type":"extension","internalName":null,"updateURL":null,"updateKey":null,"optionsURL":null,"optionsType":null,"aboutURL":null,"defaultLocale":{"name":"Shield Recipe Client","description":"Client to download and run recipes for SHIELD, Heartbeat, etc.","creator":null,"homepageURL":null},"visible":true,"active":false,"userDisabled":false,"appDisabled":false,"installDate":1525276296942,"updateDate":1525276296942,"applyBackgroundUpdates":1,"bootstrap":true,"path":"C:\\Program Files\\Mozilla Firefox\\browser\\features\\shield-recipe-client@mozilla.org.xpi","skinnable":false,"size":365969,"sourceURI":null,"releaseNotesURI":null,"softDisabled":false,"foreignInstall":false,"hasBinaryComponents":false,"strictCompatibility":false,"locales":[],"targetApplications":[{"id":"{ec8030f7-c20a-464f-9b0e-13a3a9e97384}","minVersion":"59.0.3","maxVersion":"59.*"}],"targetPlatforms":[],"multiprocessCompatible":true,"seen":true,"dependencies":[],"hasEmbeddedWebExtension":false,"mpcOptedOut":false,"userPermissions":null,"icons":{},"iconURL":null,"icon64URL":null,"blocklistState":0,"blocklistURL":null,"startupData":null}
1525599818106	addons.manager	DEBUG	Registering startup change 'installed' for webcompat@mozilla.org
1525599818106	addons.xpi	DEBUG	Loading bootstrap scope from C:\Program Files\Mozilla Firefox\browser\features\webcompat@mozilla.org.xpi
1525599818108	addons.xpi	DEBUG	Calling bootstrap method install on webcompat@mozilla.org version 1.1
1525599818108	addons.xpi-utils	DEBUG	Make addon app-system-defaults:webcompat@mozilla.org visible
1525599818108	addons.xpi	DEBUG	Updating XPIState for {"id":"webcompat@mozilla.org","syncGUID":"{c136b16d-826c-4724-9284-88cfd839baf8}","location":"app-system-defaults","version":"1.1","type":"extension","internalName":null,"updateURL":null,"updateKey":null,"optionsURL":null,"optionsType":null,"aboutURL":null,"defaultLocale":{"name":"Web Compat","description":"Urgent post-release fixes for web compatibility.","creator":null,"homepageURL":null},"visible":true,"active":false,"userDisabled":false,"appDisabled":false,"installDate":1525276296938,"updateDate":1525276296938,"applyBackgroundUpdates":1,"bootstrap":true,"path":"C:\\Program Files\\Mozilla Firefox\\browser\\features\\webcompat@mozilla.org.xpi","skinnable":false,"size":9268,"sourceURI":null,"releaseNotesURI":null,"softDisabled":false,"foreignInstall":false,"hasBinaryComponents":false,"strictCompatibility":false,"locales":[],"targetApplications":[{"id":"{ec8030f7-c20a-464f-9b0e-13a3a9e97384}","minVersion":"59.0.3","maxVersion":"59.*"}],"targetPlatforms":[],"multiprocessCompatible":true,"seen":true,"dependencies":[],"hasEmbeddedWebExtension":false,"mpcOptedOut":false,"userPermissions":null,"icons":{},"iconURL":null,"icon64URL":null,"blocklistState":0,"blocklistURL":null,"startupData":null}
1525599818108	addons.xpi-utils	DEBUG	Make addon app-global:{972ce4c6-7e08-4474-a285-3208198ce6fd} visible
1525599818108	addons.xpi	DEBUG	Updating XPIState for {"id":"{972ce4c6-7e08-4474-a285-3208198ce6fd}","syncGUID":"{69ad56a9-d447-48c4-b89b-da37f67c722c}","location":"app-global","version":"59.0.3","type":"theme","internalName":"classic/1.0","updateURL":null,"updateKey":null,"optionsURL":null,"optionsType":null,"optionsBrowserStyle":null,"aboutURL":null,"defaultLocale":{"name":"Default","description":"The default theme.","creator":"Mozilla","homepageURL":null,"contributors":["Mozilla Contributors"]},"visible":true,"active":false,"userDisabled":false,"appDisabled":false,"installDate":1525276296978,"updateDate":1525276296978,"applyBackgroundUpdates":1,"path":"C:\\Program Files\\Mozilla Firefox\\browser\\extensions\\{972ce4c6-7e08-4474-a285-3208198ce6fd}.xpi","skinnable":true,"size":3016,"sourceURI":null,"releaseNotesURI":null,"softDisabled":false,"foreignInstall":false,"hasBinaryComponents":false,"strictCompatibility":true,"locales":[],"targetApplications":[{"id":"{ec8030f7-c20a-464f-9b0e-13a3a9e97384}","minVersion":"59.0.3","maxVersion":"59.0.3"}],"targetPlatforms":[],"seen":true,"dependencies":[],"hasEmbeddedWebExtension":false,"userPermissions":null,"icons":{},"iconURL":"chrome://browser/content/default-theme-icon.svg","icon64URL":null,"blocklistState":0,"blocklistURL":null,"startupData":null}
1525599818108	addons.xpi	DEBUG	Updating XPIState for {"id":"activity-stream@mozilla.org","syncGUID":"{57c7b6cc-f3bf-42cf-9689-0bad50de1fec}","location":"app-system-defaults","version":"2018.02.17.0026-173e2795","type":"extension","internalName":null,"updateURL":null,"updateKey":null,"optionsURL":null,"optionsType":null,"aboutURL":null,"defaultLocale":{"name":"Activity Stream","description":"A rich visual history feed and a reimagined home page make it easier than ever to find exactly what you're looking for in Firefox.","creator":null,"homepageURL":null},"visible":true,"active":true,"userDisabled":false,"appDisabled":false,"installDate":1525276296976,"updateDate":1525276296976,"applyBackgroundUpdates":1,"bootstrap":true,"path":"C:\\Program Files\\Mozilla Firefox\\browser\\features\\activity-stream@mozilla.org.xpi","skinnable":false,"size":2766943,"sourceURI":null,"releaseNotesURI":null,"softDisabled":false,"foreignInstall":false,"hasBinaryComponents":false,"strictCompatibility":false,"locales":[],"targetApplications":[{"id":"{ec8030f7-c20a-464f-9b0e-13a3a9e97384}","minVersion":"59.0.3","maxVersion":"59.*"}],"targetPlatforms":[],"multiprocessCompatible":true,"seen":true,"dependencies":[],"hasEmbeddedWebExtension":false,"mpcOptedOut":false,"userPermissions":null,"icons":{},"iconURL":null,"icon64URL":null,"blocklistState":0,"blocklistURL":null,"startupData":null}
1525599818108	addons.xpi	DEBUG	Updating XPIState for {"id":"aushelper@mozilla.org","syncGUID":"{1807b50a-3330-4a52-bc34-81aa10be0581}","location":"app-system-defaults","version":"2.0","type":"extension","internalName":null,"updateURL":null,"updateKey":null,"optionsURL":null,"optionsType":null,"aboutURL":null,"defaultLocale":{"name":"Application Update Service Helper","description":"Sets value(s) in the update url based on custom checks.","creator":null,"homepageURL":null},"visible":true,"active":true,"userDisabled":false,"appDisabled":false,"installDate":1525276296960,"updateDate":1525276296960,"applyBackgroundUpdates":1,"bootstrap":true,"path":"C:\\Program Files\\Mozilla Firefox\\browser\\features\\aushelper@mozilla.org.xpi","skinnable":false,"size":8488,"sourceURI":null,"releaseNotesURI":null,"softDisabled":false,"foreignInstall":false,"hasBinaryComponents":false,"strictCompatibility":false,"locales":[],"targetApplications":[{"id":"{ec8030f7-c20a-464f-9b0e-13a3a9e97384}","minVersion":"59.0.3","maxVersion":"59.*"}],"targetPlatforms":[],"multiprocessCompatible":true,"seen":true,"dependencies":[],"hasEmbeddedWebExtension":false,"mpcOptedOut":false,"userPermissions":null,"icons":{},"iconURL":null,"icon64URL":null,"blocklistState":0,"blocklistURL":null,"startupData":null}
1525599818108	addons.xpi	DEBUG	Updating XPIState for {"id":"firefox@getpocket.com","syncGUID":"{91bbed36-9d48-484d-8faa-7ec2466d3234}","location":"app-system-defaults","version":"1.0.5","type":"extension","internalName":null,"updateURL":null,"updateKey":null,"optionsURL":null,"optionsType":null,"aboutURL":null,"defaultLocale":{"name":"Pocket","description":"When you find something you want to view later, put it in Pocket.","creator":null,"homepageURL":null},"visible":true,"active":true,"userDisabled":false,"appDisabled":false,"installDate":1525276296958,"updateDate":1525276296958,"applyBackgroundUpdates":1,"bootstrap":true,"path":"C:\\Program Files\\Mozilla Firefox\\browser\\features\\firefox@getpocket.com.xpi","skinnable":false,"size":916592,"sourceURI":null,"releaseNotesURI":null,"softDisabled":false,"foreignInstall":false,"hasBinaryComponents":false,"strictCompatibility":false,"locales":[],"targetApplications":[{"id":"{ec8030f7-c20a-464f-9b0e-13a3a9e97384}","minVersion":"59.0.3","maxVersion":"59.*"}],"targetPlatforms":[],"multiprocessCompatible":true,"seen":true,"dependencies":[],"hasEmbeddedWebExtension":false,"mpcOptedOut":false,"userPermissions":null,"icons":{},"iconURL":null,"icon64URL":null,"blocklistState":0,"blocklistURL":null,"startupData":null}
1525599818108	addons.xpi	DEBUG	Updating XPIState for {"id":"followonsearch@mozilla.com","syncGUID":"{854c5d74-56cf-4899-8a47-443fe80c2ef1}","location":"app-system-defaults","version":"0.9.6","type":"extension","internalName":null,"updateURL":null,"updateKey":null,"optionsURL":null,"optionsType":null,"aboutURL":null,"defaultLocale":{"name":"Follow-on Search Telemetry","description":null,"creator":null,"homepageURL":null},"visible":true,"active":true,"userDisabled":false,"appDisabled":false,"installDate":1521832323876,"updateDate":1521832323876,"applyBackgroundUpdates":1,"bootstrap":true,"path":"C:\\Program Files\\Mozilla Firefox\\browser\\features\\followonsearch@mozilla.com.xpi","skinnable":false,"size":18625,"sourceURI":null,"releaseNotesURI":null,"softDisabled":false,"foreignInstall":false,"hasBinaryComponents":false,"strictCompatibility":false,"locales":[],"targetApplications":[{"id":"{ec8030f7-c20a-464f-9b0e-13a3a9e97384}","minVersion":"52.0","maxVersion":"66.*"}],"targetPlatforms":[],"multiprocessCompatible":true,"seen":true,"dependencies":[],"hasEmbeddedWebExtension":false,"mpcOptedOut":false,"userPermissions":null,"icons":{},"iconURL":null,"icon64URL":null,"blocklistState":0,"blocklistURL":null,"startupData":null}
1525599818108	addons.xpi	DEBUG	Updating XPIState for {"id":"formautofill@mozilla.org","syncGUID":"{8d123343-28c8-41bc-b792-1d5cd30a7186}","location":"app-system-defaults","version":"1.0","type":"extension","internalName":null,"updateURL":null,"updateKey":null,"optionsURL":null,"optionsType":null,"aboutURL":null,"defaultLocale":{"name":"Form Autofill","description":"Autofill forms with saved profiles","creator":null,"homepageURL":null},"visible":true,"active":true,"userDisabled":false,"appDisabled":false,"installDate":1525276296950,"updateDate":1525276296950,"applyBackgroundUpdates":1,"bootstrap":true,"path":"C:\\Program Files\\Mozilla Firefox\\browser\\features\\formautofill@mozilla.org.xpi","skinnable":false,"size":458507,"sourceURI":null,"releaseNotesURI":null,"softDisabled":false,"foreignInstall":false,"hasBinaryComponents":false,"strictCompatibility":false,"locales":[],"targetApplications":[{"id":"{ec8030f7-c20a-464f-9b0e-13a3a9e97384}","minVersion":"59.0.3","maxVersion":"59.*"}],"targetPlatforms":[],"multiprocessCompatible":true,"seen":true,"dependencies":[],"hasEmbeddedWebExtension":false,"mpcOptedOut":false,"userPermissions":null,"icons":{},"iconURL":null,"icon64URL":null,"blocklistState":0,"blocklistURL":null,"startupData":null}
1525599818108	addons.xpi	DEBUG	Updating XPIState for {"id":"onboarding@mozilla.org","syncGUID":"{64d29a8a-5869-4d73-9e4e-ec99f57ac847}","location":"app-system-defaults","version":"1.0","type":"extension","internalName":null,"updateURL":null,"updateKey":null,"optionsURL":null,"optionsType":null,"aboutURL":null,"defaultLocale":{"name":"Photon onboarding","description":"Photon onboarding","creator":null,"homepageURL":null},"visible":true,"active":true,"userDisabled":false,"appDisabled":false,"installDate":1525276296946,"updateDate":1525276296946,"applyBackgroundUpdates":1,"bootstrap":true,"path":"C:\\Program Files\\Mozilla Firefox\\browser\\features\\onboarding@mozilla.org.xpi","skinnable":false,"size":567200,"sourceURI":null,"releaseNotesURI":null,"softDisabled":false,"foreignInstall":false,"hasBinaryComponents":false,"strictCompatibility":false,"locales":[],"targetApplications":[{"id":"{ec8030f7-c20a-464f-9b0e-13a3a9e97384}","minVersion":"59.0.3","maxVersion":"59.*"}],"targetPlatforms":[],"multiprocessCompatible":true,"seen":true,"dependencies":[],"hasEmbeddedWebExtension":false,"mpcOptedOut":false,"userPermissions":null,"icons":{},"iconURL":null,"icon64URL":null,"blocklistState":0,"blocklistURL":null,"startupData":null}
1525599818108	addons.xpi	DEBUG	Updating XPIState for {"id":"screenshots@mozilla.org","syncGUID":"{fe2bc053-03d4-4e0d-b3f5-377fdd55ae64}","location":"app-system-defaults","version":"25.0.0","type":"extension","internalName":null,"updateURL":null,"updateKey":null,"optionsURL":null,"optionsType":null,"aboutURL":null,"defaultLocale":{"name":"Firefox Screenshots","description":null,"creator":null,"homepageURL":"https://screenshots.firefox.com/"},"visible":true,"active":true,"userDisabled":false,"appDisabled":false,"installDate":1521832323894,"updateDate":1521832323894,"applyBackgroundUpdates":1,"bootstrap":true,"path":"C:\\Program Files\\Mozilla Firefox\\browser\\features\\screenshots@mozilla.org.xpi","skinnable":false,"size":994512,"sourceURI":null,"releaseNotesURI":null,"softDisabled":false,"foreignInstall":false,"hasBinaryComponents":false,"strictCompatibility":false,"locales":[],"targetApplications":[{"id":"{ec8030f7-c20a-464f-9b0e-13a3a9e97384}","minVersion":"57.0a1","maxVersion":"*"}],"targetPlatforms":[],"multiprocessCompatible":true,"seen":true,"dependencies":[],"hasEmbeddedWebExtension":false,"mpcOptedOut":false,"userPermissions":null,"icons":{},"iconURL":null,"icon64URL":null,"blocklistState":0,"blocklistURL":null,"startupData":null}
1525599818108	addons.xpi	DEBUG	Updating XPIState for {"id":"shield-recipe-client@mozilla.org","syncGUID":"{0c1e0ca2-2c6e-486d-b44e-07e67c102f7b}","location":"app-system-defaults","version":"80","type":"extension","internalName":null,"updateURL":null,"updateKey":null,"optionsURL":null,"optionsType":null,"aboutURL":null,"defaultLocale":{"name":"Shield Recipe Client","description":"Client to download and run recipes for SHIELD, Heartbeat, etc.","creator":null,"homepageURL":null},"visible":true,"active":true,"userDisabled":false,"appDisabled":false,"installDate":1525276296942,"updateDate":1525276296942,"applyBackgroundUpdates":1,"bootstrap":true,"path":"C:\\Program Files\\Mozilla Firefox\\browser\\features\\shield-recipe-client@mozilla.org.xpi","skinnable":false,"size":365969,"sourceURI":null,"releaseNotesURI":null,"softDisabled":false,"foreignInstall":false,"hasBinaryComponents":false,"strictCompatibility":false,"locales":[],"targetApplications":[{"id":"{ec8030f7-c20a-464f-9b0e-13a3a9e97384}","minVersion":"59.0.3","maxVersion":"59.*"}],"targetPlatforms":[],"multiprocessCompatible":true,"seen":true,"dependencies":[],"hasEmbeddedWebExtension":false,"mpcOptedOut":false,"userPermissions":null,"icons":{},"iconURL":null,"icon64URL":null,"blocklistState":0,"blocklistURL":null,"startupData":null}
1525599818108	addons.xpi	DEBUG	Updating XPIState for {"id":"webcompat@mozilla.org","syncGUID":"{c136b16d-826c-4724-9284-88cfd839baf8}","location":"app-system-defaults","version":"1.1","type":"extension","internalName":null,"updateURL":null,"updateKey":null,"optionsURL":null,"optionsType":null,"aboutURL":null,"defaultLocale":{"name":"Web Compat","description":"Urgent post-release fixes for web compatibility.","creator":null,"homepageURL":null},"visible":true,"active":true,"userDisabled":false,"appDisabled":false,"installDate":1525276296938,"updateDate":1525276296938,"applyBackgroundUpdates":1,"bootstrap":true,"path":"C:\\Program Files\\Mozilla Firefox\\browser\\features\\webcompat@mozilla.org.xpi","skinnable":false,"size":9268,"sourceURI":null,"releaseNotesURI":null,"softDisabled":false,"foreignInstall":false,"hasBinaryComponents":false,"strictCompatibility":false,"locales":[],"targetApplications":[{"id":"{ec8030f7-c20a-464f-9b0e-13a3a9e97384}","minVersion":"59.0.3","maxVersion":"59.*"}],"targetPlatforms":[],"multiprocessCompatible":true,"seen":true,"dependencies":[],"hasEmbeddedWebExtension":false,"mpcOptedOut":false,"userPermissions":null,"icons":{},"iconURL":null,"icon64URL":null,"blocklistState":0,"blocklistURL":null,"startupData":null}
1525599818108	addons.xpi	DEBUG	Updating XPIState for {"id":"{972ce4c6-7e08-4474-a285-3208198ce6fd}","syncGUID":"{69ad56a9-d447-48c4-b89b-da37f67c722c}","location":"app-global","version":"59.0.3","type":"theme","internalName":"classic/1.0","updateURL":null,"updateKey":null,"optionsURL":null,"optionsType":null,"optionsBrowserStyle":null,"aboutURL":null,"defaultLocale":{"name":"Default","description":"The default theme.","creator":"Mozilla","homepageURL":null,"contributors":["Mozilla Contributors"]},"visible":true,"active":true,"userDisabled":false,"appDisabled":false,"installDate":1525276296978,"updateDate":1525276296978,"applyBackgroundUpdates":1,"path":"C:\\Program Files\\Mozilla Firefox\\browser\\extensions\\{972ce4c6-7e08-4474-a285-3208198ce6fd}.xpi","skinnable":true,"size":3016,"sourceURI":null,"releaseNotesURI":null,"softDisabled":false,"foreignInstall":false,"hasBinaryComponents":false,"strictCompatibility":true,"locales":[],"targetApplications":[{"id":"{ec8030f7-c20a-464f-9b0e-13a3a9e97384}","minVersion":"59.0.3","maxVersion":"59.0.3"}],"targetPlatforms":[],"seen":true,"dependencies":[],"hasEmbeddedWebExtension":false,"userPermissions":null,"icons":{},"iconURL":"chrome://browser/content/default-theme-icon.svg","icon64URL":null,"blocklistState":0,"blocklistURL":null,"startupData":null}
1525599818110	addons.xpi	DEBUG	Updating database with changes to installed add-ons
1525599818110	addons.xpi-utils	DEBUG	Updating add-on states
1525599818110	addons.xpi	DEBUG	Registering manifest for C:\Program Files\Mozilla Firefox\browser\features\activity-stream@mozilla.org.xpi
1525599818112	addons.xpi	DEBUG	Calling bootstrap method startup on activity-stream@mozilla.org version 2018.02.17.0026-173e2795
1525599818112	addons.xpi	DEBUG	Registering manifest for C:\Program Files\Mozilla Firefox\browser\features\aushelper@mozilla.org.xpi
1525599818112	addons.xpi	DEBUG	Calling bootstrap method startup on aushelper@mozilla.org version 2.0
1525599818112	addons.xpi	DEBUG	Registering manifest for C:\Program Files\Mozilla Firefox\browser\features\firefox@getpocket.com.xpi
1525599818112	addons.xpi	DEBUG	Calling bootstrap method startup on firefox@getpocket.com version 1.0.5
1525599818116	addons.xpi	DEBUG	Registering manifest for C:\Program Files\Mozilla Firefox\browser\features\followonsearch@mozilla.com.xpi
1525599818118	addons.xpi	DEBUG	Calling bootstrap method startup on followonsearch@mozilla.com version 0.9.6
1525599818118	addons.xpi	DEBUG	Registering manifest for C:\Program Files\Mozilla Firefox\browser\features\formautofill@mozilla.org.xpi
1525599818118	addons.xpi	DEBUG	Calling bootstrap method startup on formautofill@mozilla.org version 1.0
1525599818118	addons.xpi	DEBUG	Registering manifest for C:\Program Files\Mozilla Firefox\browser\features\onboarding@mozilla.org.xpi
1525599818118	addons.xpi	DEBUG	Calling bootstrap method startup on onboarding@mozilla.org version 1.0
1525599818118	addons.xpi	DEBUG	Registering manifest for C:\Program Files\Mozilla Firefox\browser\features\screenshots@mozilla.org.xpi
1525599818118	addons.xpi	DEBUG	Calling bootstrap method startup on screenshots@mozilla.org version 25.0.0
1525599818118	addons.xpi	DEBUG	Registering manifest for C:\Program Files\Mozilla Firefox\browser\features\shield-recipe-client@mozilla.org.xpi
1525599818118	addons.xpi	DEBUG	Calling bootstrap method startup on shield-recipe-client@mozilla.org version 80
1525599818122	addons.xpi	DEBUG	Registering manifest for C:\Program Files\Mozilla Firefox\browser\features\webcompat@mozilla.org.xpi
1525599818122	addons.xpi	DEBUG	Calling bootstrap method startup on webcompat@mozilla.org version 1.1
1525599818122	addons.manager	DEBUG	Registering shutdown blocker for XPIProvider
1525599818122	addons.manager	DEBUG	Provider finished startup: XPIProvider
1525599818122	addons.manager	DEBUG	Starting provider: LightweightThemeManager
1525599818122	addons.manager	DEBUG	Registering shutdown blocker for LightweightThemeManager
1525599818124	addons.manager	DEBUG	Provider finished startup: LightweightThemeManager
1525599818124	addons.manager	DEBUG	Starting provider: GMPProvider
1525599818130	addons.manager	DEBUG	Registering shutdown blocker for GMPProvider
1525599818130	addons.manager	DEBUG	Provider finished startup: GMPProvider
1525599818130	addons.manager	DEBUG	Starting provider: PluginProvider
1525599818130	addons.manager	DEBUG	Registering shutdown blocker for PluginProvider
1525599818130	addons.manager	DEBUG	Provider finished startup: PluginProvider
1525599818130	addons.manager	DEBUG	Completed startup sequence
Unable to read VR Path Registry from C:\Users\juhis\AppData\Local\openvr\openvrpaths.vrpath
1525599818210	Marionette	INFO	Enabled via --marionette
1525599818280	addons.manager	DEBUG	Starting provider: PreviousExperimentProvider
1525599818280	addons.manager	DEBUG	Registering shutdown blocker for PreviousExperimentProvider
1525599818280	addons.manager	DEBUG	Provider finished startup: PreviousExperimentProvider
Unable to read VR Path Registry from C:\Users\juhis\AppData\Local\openvr\openvrpaths.vrpath
Unable to read VR Path Registry from C:\Users\juhis\AppData\Local\openvr\openvrpaths.vrpath
Unable to read VR Path Registry from C:\Users\juhis\AppData\Local\openvr\openvrpaths.vrpath
1525599818728	addons.xpi	INFO	Mapping activity-stream@mozilla.org to C:\Program Files\Mozilla Firefox\browser\features\activity-stream@mozilla.org.xpi
1525599818728	addons.xpi	INFO	Mapping aushelper@mozilla.org to C:\Program Files\Mozilla Firefox\browser\features\aushelper@mozilla.org.xpi
1525599818728	addons.xpi	INFO	Mapping firefox@getpocket.com to C:\Program Files\Mozilla Firefox\browser\features\firefox@getpocket.com.xpi
1525599818730	addons.xpi	INFO	Mapping followonsearch@mozilla.com to C:\Program Files\Mozilla Firefox\browser\features\followonsearch@mozilla.com.xpi
1525599818730	addons.xpi	INFO	Mapping formautofill@mozilla.org to C:\Program Files\Mozilla Firefox\browser\features\formautofill@mozilla.org.xpi
1525599818730	addons.xpi	INFO	Mapping onboarding@mozilla.org to C:\Program Files\Mozilla Firefox\browser\features\onboarding@mozilla.org.xpi
1525599818730	addons.xpi	INFO	Mapping screenshots@mozilla.org to C:\Program Files\Mozilla Firefox\browser\features\screenshots@mozilla.org.xpi
1525599818730	addons.xpi	INFO	Mapping shield-recipe-client@mozilla.org to C:\Program Files\Mozilla Firefox\browser\features\shield-recipe-client@mozilla.org.xpi
1525599818730	addons.xpi	INFO	Mapping webcompat@mozilla.org to C:\Program Files\Mozilla Firefox\browser\features\webcompat@mozilla.org.xpi
1525599818730	addons.xpi	DEBUG	Existing add-on activity-stream@mozilla.org in app-system-defaults
1525599818730	addons.xpi	DEBUG	Existing add-on aushelper@mozilla.org in app-system-defaults
1525599818730	addons.xpi	DEBUG	Existing add-on firefox@getpocket.com in app-system-defaults
1525599818730	addons.xpi	DEBUG	Existing add-on followonsearch@mozilla.com in app-system-defaults
1525599818730	addons.xpi	DEBUG	Existing add-on formautofill@mozilla.org in app-system-defaults
1525599818730	addons.xpi	DEBUG	Existing add-on onboarding@mozilla.org in app-system-defaults
1525599818730	addons.xpi	DEBUG	Existing add-on screenshots@mozilla.org in app-system-defaults
1525599818730	addons.xpi	DEBUG	Existing add-on shield-recipe-client@mozilla.org in app-system-defaults
1525599818730	addons.xpi	DEBUG	Existing add-on webcompat@mozilla.org in app-system-defaults
1525599818730	addons.xpi	INFO	Mapping {972ce4c6-7e08-4474-a285-3208198ce6fd} to C:\Program Files\Mozilla Firefox\browser\extensions\{972ce4c6-7e08-4474-a285-3208198ce6fd}.xpi
1525599818732	addons.xpi	DEBUG	Existing add-on {972ce4c6-7e08-4474-a285-3208198ce6fd} in app-global
1525599818732	addons.xpi	DEBUG	getInstallState changed: false, state: {}
Unable to read VR Path Registry from C:\Users\juhis\AppData\Local\openvr\openvrpaths.vrpath
1525599818806	Marionette	INFO	Listening on port 62070
1525599818808	addons.xpi-utils	DEBUG	XPI Database saved, setting schema version preference to 24
1525599818940	Marionette	WARN	TLS certificate errors will be ignored for this session
JavaScript error: https://www.xamk.fi/, line 6: ReferenceError: gtmYTplayers is not defined
JavaScript error: https://www.xamk.fi/koulutus/, line 6: ReferenceError: gtmYTplayers is not defined
JavaScript error: https://www.xamk.fi/koulutus/tutkinto-amk/, line 6: ReferenceError: gtmYTplayers is not defined
1525599827838	addons.xpi	DEBUG	Calling bootstrap method shutdown on webcompat@mozilla.org version 1.1
1525599827840	addons.xpi	DEBUG	Calling bootstrap method shutdown on shield-recipe-client@mozilla.org version 80
1525599827840	addons.xpi	DEBUG	Calling bootstrap method shutdown on screenshots@mozilla.org version 25.0.0
1525599827842	addons.xpi	DEBUG	Calling bootstrap method shutdown on onboarding@mozilla.org version 1.0
1525599827842	addons.xpi	DEBUG	Calling bootstrap method shutdown on formautofill@mozilla.org version 1.0
1525599827842	addons.xpi	DEBUG	Calling bootstrap method shutdown on followonsearch@mozilla.com version 0.9.6
1525599827842	addons.xpi	DEBUG	Calling bootstrap method shutdown on firefox@getpocket.com version 1.0.5
1525599827844	addons.xpi	DEBUG	Calling bootstrap method shutdown on aushelper@mozilla.org version 2.0
1525599827844	addons.xpi	DEBUG	Calling bootstrap method shutdown on activity-stream@mozilla.org version 2018.02.17.0026-173e2795
[Child 17352, Chrome_ChildThread] WARNING: pipe error: 109: file z:/build/build/src/ipc/chromium/src/chrome/common/ipc_channel_win.cc, line 346
[Child 17352, Chrome[Parent 14080, Gecko_IOThread] WARNING: pipe error: 109: file z:/build/build/src/ipc/chromium/src/chrome/common/ipc_channel_win.cc, line 346
[Child 16676, Chrome_ChildThread] WARNING: pipe error: 109: file z:/build/build/src/ipc/chromium/src/chrome/common/ipc_channel_win.cc, line 346
[Child 16676, Chrome_Child[Child 10140, Chrome_ChildThread] WARNING: pipe error: 109: file z:/build/build/src/ipc/chromium/src/chrome/common/ipc_channel_win.cc, line 346
[Child 10140, Ch1525599827884	addons.manager	DEBUG	shutdown
1525599827884	addons.manager	DEBUG	Calling shutdown blocker for XPIProvider
1525599827884	addons.xpi	DEBUG	shutdown
1525599827884	addons.xpi-utils	DEBUG	shutdown
1525599827884	addons.manager	DEBUG	Calling shutdown blocker for LightweightThemeManager
1525599827884	addons.manager	DEBUG	Calling shutdown blocker for GMPProvider
1525599827884	addons.manager	DEBUG	Calling shutdown blocker for PluginProvider
1525599827884	addons.manager	DEBUG	Calling shutdown blocker for PreviousExperimentProvider
1525599827886	addons.manager	DEBUG	Async provider shutdown done
*** UTM:SVC TimerManager:registerTimer called after profile-before-change notification. Ignoring timer registration for id: telemetry_modules_ping
[GPU 1872, C
###!!! [Child][MessageChannel::SendAndWait] Error: Channel error: cannot send/recv

1526453870555	geckodriver	INFO	geckodriver 0.20.1
1526453870564	geckodriver	INFO	Listening on 127.0.0.1:61967
1526453873560	mozrunner::runner	INFO	Running command: "C:\\Program Files\\Mozilla Firefox\\firefox.exe" "-marionette" "-profile" "C:\\Users\\juhis\\AppData\\Local\\Temp\\rust_mozprofile.WamM5X0YQxF1"
1526453873880	addons.manager	DEBUG	Application has been upgraded
1526453873890	addons.manager	DEBUG	Loaded provider scope for resource://gre/modules/addons/XPIProvider.jsm: ["XPIProvider", "XPIInternal"]
1526453873892	addons.manager	DEBUG	Loaded provider scope for resource://gre/modules/LightweightThemeManager.jsm: ["LightweightThemeManager"]
1526453873904	addons.manager	DEBUG	Loaded provider scope for resource://gre/modules/addons/GMPProvider.jsm
1526453873906	addons.manager	DEBUG	Loaded provider scope for resource://gre/modules/addons/PluginProvider.jsm
1526453873906	addons.manager	DEBUG	Starting provider: XPIProvider
1526453873906	addons.xpi	DEBUG	startup
1526453873906	addons.xpi	INFO	SystemAddonInstallLocation directory is missing
1526453873906	addons.xpi	INFO	Removing all system add-on upgrades.
1526453873906	addons.xpi	DEBUG	checkForChanges
1526453873906	addons.xpi	DEBUG	Loaded add-on state: ${}
1526453873908	addons.xpi	INFO	Mapping activity-stream@mozilla.org to C:\Program Files\Mozilla Firefox\browser\features\activity-stream@mozilla.org.xpi
1526453873908	addons.xpi	INFO	Mapping aushelper@mozilla.org to C:\Program Files\Mozilla Firefox\browser\features\aushelper@mozilla.org.xpi
1526453873908	addons.xpi	INFO	Mapping firefox@getpocket.com to C:\Program Files\Mozilla Firefox\browser\features\firefox@getpocket.com.xpi
1526453873908	addons.xpi	INFO	Mapping followonsearch@mozilla.com to C:\Program Files\Mozilla Firefox\browser\features\followonsearch@mozilla.com.xpi
1526453873908	addons.xpi	INFO	Mapping formautofill@mozilla.org to C:\Program Files\Mozilla Firefox\browser\features\formautofill@mozilla.org.xpi
1526453873908	addons.xpi	INFO	Mapping onboarding@mozilla.org to C:\Program Files\Mozilla Firefox\browser\features\onboarding@mozilla.org.xpi
1526453873908	addons.xpi	INFO	Mapping screenshots@mozilla.org to C:\Program Files\Mozilla Firefox\browser\features\screenshots@mozilla.org.xpi
1526453873908	addons.xpi	INFO	Mapping shield-recipe-client@mozilla.org to C:\Program Files\Mozilla Firefox\browser\features\shield-recipe-client@mozilla.org.xpi
1526453873908	addons.xpi	INFO	Mapping webcompat@mozilla.org to C:\Program Files\Mozilla Firefox\browser\features\webcompat@mozilla.org.xpi
1526453873908	addons.xpi	DEBUG	New add-on activity-stream@mozilla.org in app-system-defaults
1526453873908	addons.xpi	DEBUG	New add-on aushelper@mozilla.org in app-system-defaults
1526453873910	addons.xpi	DEBUG	New add-on firefox@getpocket.com in app-system-defaults
1526453873910	addons.xpi	DEBUG	New add-on followonsearch@mozilla.com in app-system-defaults
1526453873910	addons.xpi	DEBUG	New add-on formautofill@mozilla.org in app-system-defaults
1526453873910	addons.xpi	DEBUG	New add-on onboarding@mozilla.org in app-system-defaults
1526453873910	addons.xpi	DEBUG	New add-on screenshots@mozilla.org in app-system-defaults
1526453873910	addons.xpi	DEBUG	New add-on shield-recipe-client@mozilla.org in app-system-defaults
1526453873912	addons.xpi	DEBUG	New add-on webcompat@mozilla.org in app-system-defaults
1526453873912	addons.xpi	INFO	Mapping {972ce4c6-7e08-4474-a285-3208198ce6fd} to C:\Program Files\Mozilla Firefox\browser\extensions\{972ce4c6-7e08-4474-a285-3208198ce6fd}.xpi
1526453873912	addons.xpi	DEBUG	New add-on {972ce4c6-7e08-4474-a285-3208198ce6fd} in app-global
1526453873912	addons.xpi	DEBUG	getInstallState changed: true, state: {}
1526453873912	addons.xpi	INFO	SystemAddonInstallLocation directory is missing
1526453873914	addons.xpi-utils	DEBUG	Opening XPI database C:\Users\juhis\AppData\Local\Temp\rust_mozprofile.WamM5X0YQxF1\extensions.json
1526453873916	addons.xpi-utils	DEBUG	New add-on activity-stream@mozilla.org installed in app-system-defaults
*** Blocklist::_loadBlocklistFromFile: blocklist is disabled
1526453873928	addons.xpi-utils	DEBUG	New add-on aushelper@mozilla.org installed in app-system-defaults
1526453873930	addons.xpi-utils	DEBUG	New add-on firefox@getpocket.com installed in app-system-defaults
1526453873932	addons.xpi-utils	DEBUG	New add-on followonsearch@mozilla.com installed in app-system-defaults
1526453873934	addons.xpi-utils	DEBUG	New add-on formautofill@mozilla.org installed in app-system-defaults
1526453873936	addons.xpi-utils	DEBUG	New add-on onboarding@mozilla.org installed in app-system-defaults
1526453873938	addons.xpi-utils	DEBUG	New add-on screenshots@mozilla.org installed in app-system-defaults
1526453873942	addons.xpi-utils	DEBUG	New add-on shield-recipe-client@mozilla.org installed in app-system-defaults
1526453873952	addons.xpi-utils	DEBUG	New add-on webcompat@mozilla.org installed in app-system-defaults
1526453873960	addons.xpi-utils	DEBUG	New add-on {972ce4c6-7e08-4474-a285-3208198ce6fd} installed in app-global
1526453873966	addons.manager	DEBUG	Registering startup change 'installed' for activity-stream@mozilla.org
1526453873972	addons.xpi	DEBUG	Loading bootstrap scope from C:\Program Files\Mozilla Firefox\browser\features\activity-stream@mozilla.org.xpi
1526453873974	addons.xpi	DEBUG	Calling bootstrap method install on activity-stream@mozilla.org version 2018.02.17.0026-173e2795
1526453873974	addons.xpi-utils	DEBUG	Make addon app-system-defaults:activity-stream@mozilla.org visible
1526453873974	addons.xpi	DEBUG	Updating XPIState for {"id":"activity-stream@mozilla.org","syncGUID":"{d927c829-14ee-4fee-b2cf-830a1df4a272}","location":"app-system-defaults","version":"2018.02.17.0026-173e2795","type":"extension","internalName":null,"updateURL":null,"updateKey":null,"optionsURL":null,"optionsType":null,"aboutURL":null,"defaultLocale":{"name":"Activity Stream","description":"A rich visual history feed and a reimagined home page make it easier than ever to find exactly what you're looking for in Firefox.","creator":null,"homepageURL":null},"visible":true,"active":false,"userDisabled":false,"appDisabled":false,"installDate":1525276296976,"updateDate":1525276296976,"applyBackgroundUpdates":1,"bootstrap":true,"path":"C:\\Program Files\\Mozilla Firefox\\browser\\features\\activity-stream@mozilla.org.xpi","skinnable":false,"size":2766943,"sourceURI":null,"releaseNotesURI":null,"softDisabled":false,"foreignInstall":false,"hasBinaryComponents":false,"strictCompatibility":false,"locales":[],"targetApplications":[{"id":"{ec8030f7-c20a-464f-9b0e-13a3a9e97384}","minVersion":"59.0.3","maxVersion":"59.*"}],"targetPlatforms":[],"multiprocessCompatible":true,"seen":true,"dependencies":[],"hasEmbeddedWebExtension":false,"mpcOptedOut":false,"userPermissions":null,"icons":{},"iconURL":null,"icon64URL":null,"blocklistState":0,"blocklistURL":null,"startupData":null}
1526453873976	addons.manager	DEBUG	Registering startup change 'installed' for aushelper@mozilla.org
1526453873976	addons.xpi	DEBUG	Loading bootstrap scope from C:\Program Files\Mozilla Firefox\browser\features\aushelper@mozilla.org.xpi
1526453873976	addons.xpi	DEBUG	Calling bootstrap method install on aushelper@mozilla.org version 2.0
1526453873976	addons.xpi-utils	DEBUG	Make addon app-system-defaults:aushelper@mozilla.org visible
1526453873976	addons.xpi	DEBUG	Updating XPIState for {"id":"aushelper@mozilla.org","syncGUID":"{691b3515-0946-4daa-876b-e849655ec23f}","location":"app-system-defaults","version":"2.0","type":"extension","internalName":null,"updateURL":null,"updateKey":null,"optionsURL":null,"optionsType":null,"aboutURL":null,"defaultLocale":{"name":"Application Update Service Helper","description":"Sets value(s) in the update url based on custom checks.","creator":null,"homepageURL":null},"visible":true,"active":false,"userDisabled":false,"appDisabled":false,"installDate":1525276296960,"updateDate":1525276296960,"applyBackgroundUpdates":1,"bootstrap":true,"path":"C:\\Program Files\\Mozilla Firefox\\browser\\features\\aushelper@mozilla.org.xpi","skinnable":false,"size":8488,"sourceURI":null,"releaseNotesURI":null,"softDisabled":false,"foreignInstall":false,"hasBinaryComponents":false,"strictCompatibility":false,"locales":[],"targetApplications":[{"id":"{ec8030f7-c20a-464f-9b0e-13a3a9e97384}","minVersion":"59.0.3","maxVersion":"59.*"}],"targetPlatforms":[],"multiprocessCompatible":true,"seen":true,"dependencies":[],"hasEmbeddedWebExtension":false,"mpcOptedOut":false,"userPermissions":null,"icons":{},"iconURL":null,"icon64URL":null,"blocklistState":0,"blocklistURL":null,"startupData":null}
1526453873976	addons.manager	DEBUG	Registering startup change 'installed' for firefox@getpocket.com
1526453873978	addons.xpi	DEBUG	Loading bootstrap scope from C:\Program Files\Mozilla Firefox\browser\features\firefox@getpocket.com.xpi
1526453873980	addons.xpi	DEBUG	Calling bootstrap method install on firefox@getpocket.com version 1.0.5
1526453873980	addons.xpi-utils	DEBUG	Make addon app-system-defaults:firefox@getpocket.com visible
1526453873980	addons.xpi	DEBUG	Updating XPIState for {"id":"firefox@getpocket.com","syncGUID":"{6d2c8963-3a2a-4139-8e3b-f5074e5f0368}","location":"app-system-defaults","version":"1.0.5","type":"extension","internalName":null,"updateURL":null,"updateKey":null,"optionsURL":null,"optionsType":null,"aboutURL":null,"defaultLocale":{"name":"Pocket","description":"When you find something you want to view later, put it in Pocket.","creator":null,"homepageURL":null},"visible":true,"active":false,"userDisabled":false,"appDisabled":false,"installDate":1525276296958,"updateDate":1525276296958,"applyBackgroundUpdates":1,"bootstrap":true,"path":"C:\\Program Files\\Mozilla Firefox\\browser\\features\\firefox@getpocket.com.xpi","skinnable":false,"size":916592,"sourceURI":null,"releaseNotesURI":null,"softDisabled":false,"foreignInstall":false,"hasBinaryComponents":false,"strictCompatibility":false,"locales":[],"targetApplications":[{"id":"{ec8030f7-c20a-464f-9b0e-13a3a9e97384}","minVersion":"59.0.3","maxVersion":"59.*"}],"targetPlatforms":[],"multiprocessCompatible":true,"seen":true,"dependencies":[],"hasEmbeddedWebExtension":false,"mpcOptedOut":false,"userPermissions":null,"icons":{},"iconURL":null,"icon64URL":null,"blocklistState":0,"blocklistURL":null,"startupData":null}
1526453873980	addons.manager	DEBUG	Registering startup change 'installed' for followonsearch@mozilla.com
1526453873980	addons.xpi	DEBUG	Loading bootstrap scope from C:\Program Files\Mozilla Firefox\browser\features\followonsearch@mozilla.com.xpi
1526453873982	addons.xpi	DEBUG	Calling bootstrap method install on followonsearch@mozilla.com version 0.9.6
1526453873982	addons.xpi-utils	DEBUG	Make addon app-system-defaults:followonsearch@mozilla.com visible
1526453873982	addons.xpi	DEBUG	Updating XPIState for {"id":"followonsearch@mozilla.com","syncGUID":"{d9154b5f-d131-4f12-928f-fb03ef96cec2}","location":"app-system-defaults","version":"0.9.6","type":"extension","internalName":null,"updateURL":null,"updateKey":null,"optionsURL":null,"optionsType":null,"aboutURL":null,"defaultLocale":{"name":"Follow-on Search Telemetry","description":null,"creator":null,"homepageURL":null},"visible":true,"active":false,"userDisabled":false,"appDisabled":false,"installDate":1521832323876,"updateDate":1521832323876,"applyBackgroundUpdates":1,"bootstrap":true,"path":"C:\\Program Files\\Mozilla Firefox\\browser\\features\\followonsearch@mozilla.com.xpi","skinnable":false,"size":18625,"sourceURI":null,"releaseNotesURI":null,"softDisabled":false,"foreignInstall":false,"hasBinaryComponents":false,"strictCompatibility":false,"locales":[],"targetApplications":[{"id":"{ec8030f7-c20a-464f-9b0e-13a3a9e97384}","minVersion":"52.0","maxVersion":"66.*"}],"targetPlatforms":[],"multiprocessCompatible":true,"seen":true,"dependencies":[],"hasEmbeddedWebExtension":false,"mpcOptedOut":false,"userPermissions":null,"icons":{},"iconURL":null,"icon64URL":null,"blocklistState":0,"blocklistURL":null,"startupData":null}
1526453873982	addons.manager	DEBUG	Registering startup change 'installed' for formautofill@mozilla.org
1526453873982	addons.xpi	DEBUG	Loading bootstrap scope from C:\Program Files\Mozilla Firefox\browser\features\formautofill@mozilla.org.xpi
1526453873982	addons.xpi	DEBUG	Calling bootstrap method install on formautofill@mozilla.org version 1.0
1526453873982	addons.xpi-utils	DEBUG	Make addon app-system-defaults:formautofill@mozilla.org visible
1526453873982	addons.xpi	DEBUG	Updating XPIState for {"id":"formautofill@mozilla.org","syncGUID":"{96075fa3-f7c1-43b4-ad24-81c711102bb7}","location":"app-system-defaults","version":"1.0","type":"extension","internalName":null,"updateURL":null,"updateKey":null,"optionsURL":null,"optionsType":null,"aboutURL":null,"defaultLocale":{"name":"Form Autofill","description":"Autofill forms with saved profiles","creator":null,"homepageURL":null},"visible":true,"active":false,"userDisabled":false,"appDisabled":false,"installDate":1525276296950,"updateDate":1525276296950,"applyBackgroundUpdates":1,"bootstrap":true,"path":"C:\\Program Files\\Mozilla Firefox\\browser\\features\\formautofill@mozilla.org.xpi","skinnable":false,"size":458507,"sourceURI":null,"releaseNotesURI":null,"softDisabled":false,"foreignInstall":false,"hasBinaryComponents":false,"strictCompatibility":false,"locales":[],"targetApplications":[{"id":"{ec8030f7-c20a-464f-9b0e-13a3a9e97384}","minVersion":"59.0.3","maxVersion":"59.*"}],"targetPlatforms":[],"multiprocessCompatible":true,"seen":true,"dependencies":[],"hasEmbeddedWebExtension":false,"mpcOptedOut":false,"userPermissions":null,"icons":{},"iconURL":null,"icon64URL":null,"blocklistState":0,"blocklistURL":null,"startupData":null}
1526453873984	addons.manager	DEBUG	Registering startup change 'installed' for onboarding@mozilla.org
1526453873984	addons.xpi	DEBUG	Loading bootstrap scope from C:\Program Files\Mozilla Firefox\browser\features\onboarding@mozilla.org.xpi
1526453873984	addons.xpi	DEBUG	Calling bootstrap method install on onboarding@mozilla.org version 1.0
1526453873984	addons.xpi-utils	DEBUG	Make addon app-system-defaults:onboarding@mozilla.org visible
1526453873984	addons.xpi	DEBUG	Updating XPIState for {"id":"onboarding@mozilla.org","syncGUID":"{c2a3e417-8f31-42be-b840-cb1b76e320dd}","location":"app-system-defaults","version":"1.0","type":"extension","internalName":null,"updateURL":null,"updateKey":null,"optionsURL":null,"optionsType":null,"aboutURL":null,"defaultLocale":{"name":"Photon onboarding","description":"Photon onboarding","creator":null,"homepageURL":null},"visible":true,"active":false,"userDisabled":false,"appDisabled":false,"installDate":1525276296946,"updateDate":1525276296946,"applyBackgroundUpdates":1,"bootstrap":true,"path":"C:\\Program Files\\Mozilla Firefox\\browser\\features\\onboarding@mozilla.org.xpi","skinnable":false,"size":567200,"sourceURI":null,"releaseNotesURI":null,"softDisabled":false,"foreignInstall":false,"hasBinaryComponents":false,"strictCompatibility":false,"locales":[],"targetApplications":[{"id":"{ec8030f7-c20a-464f-9b0e-13a3a9e97384}","minVersion":"59.0.3","maxVersion":"59.*"}],"targetPlatforms":[],"multiprocessCompatible":true,"seen":true,"dependencies":[],"hasEmbeddedWebExtension":false,"mpcOptedOut":false,"userPermissions":null,"icons":{},"iconURL":null,"icon64URL":null,"blocklistState":0,"blocklistURL":null,"startupData":null}
1526453873984	addons.manager	DEBUG	Registering startup change 'installed' for screenshots@mozilla.org
1526453873986	addons.xpi	DEBUG	Loading bootstrap scope from C:\Program Files\Mozilla Firefox\browser\features\screenshots@mozilla.org.xpi
1526453873988	addons.xpi	DEBUG	Calling bootstrap method install on screenshots@mozilla.org version 25.0.0
1526453873988	addons.xpi-utils	DEBUG	Make addon app-system-defaults:screenshots@mozilla.org visible
1526453873988	addons.xpi	DEBUG	Updating XPIState for {"id":"screenshots@mozilla.org","syncGUID":"{556dab2c-d802-4fd5-a021-dd1e6f2ee5aa}","location":"app-system-defaults","version":"25.0.0","type":"extension","internalName":null,"updateURL":null,"updateKey":null,"optionsURL":null,"optionsType":null,"aboutURL":null,"defaultLocale":{"name":"Firefox Screenshots","description":null,"creator":null,"homepageURL":"https://screenshots.firefox.com/"},"visible":true,"active":false,"userDisabled":false,"appDisabled":false,"installDate":1521832323894,"updateDate":1521832323894,"applyBackgroundUpdates":1,"bootstrap":true,"path":"C:\\Program Files\\Mozilla Firefox\\browser\\features\\screenshots@mozilla.org.xpi","skinnable":false,"size":994512,"sourceURI":null,"releaseNotesURI":null,"softDisabled":false,"foreignInstall":false,"hasBinaryComponents":false,"strictCompatibility":false,"locales":[],"targetApplications":[{"id":"{ec8030f7-c20a-464f-9b0e-13a3a9e97384}","minVersion":"57.0a1","maxVersion":"*"}],"targetPlatforms":[],"multiprocessCompatible":true,"seen":true,"dependencies":[],"hasEmbeddedWebExtension":false,"mpcOptedOut":false,"userPermissions":null,"icons":{},"iconURL":null,"icon64URL":null,"blocklistState":0,"blocklistURL":null,"startupData":null}
1526453873988	addons.manager	DEBUG	Registering startup change 'installed' for shield-recipe-client@mozilla.org
1526453873988	addons.xpi	DEBUG	Loading bootstrap scope from C:\Program Files\Mozilla Firefox\browser\features\shield-recipe-client@mozilla.org.xpi
1526453873990	addons.xpi	DEBUG	Calling bootstrap method install on shield-recipe-client@mozilla.org version 80
1526453873990	addons.xpi-utils	DEBUG	Make addon app-system-defaults:shield-recipe-client@mozilla.org visible
1526453873990	addons.xpi	DEBUG	Updating XPIState for {"id":"shield-recipe-client@mozilla.org","syncGUID":"{20626501-4539-49ea-9407-0672f553f91e}","location":"app-system-defaults","version":"80","type":"extension","internalName":null,"updateURL":null,"updateKey":null,"optionsURL":null,"optionsType":null,"aboutURL":null,"defaultLocale":{"name":"Shield Recipe Client","description":"Client to download and run recipes for SHIELD, Heartbeat, etc.","creator":null,"homepageURL":null},"visible":true,"active":false,"userDisabled":false,"appDisabled":false,"installDate":1525276296942,"updateDate":1525276296942,"applyBackgroundUpdates":1,"bootstrap":true,"path":"C:\\Program Files\\Mozilla Firefox\\browser\\features\\shield-recipe-client@mozilla.org.xpi","skinnable":false,"size":365969,"sourceURI":null,"releaseNotesURI":null,"softDisabled":false,"foreignInstall":false,"hasBinaryComponents":false,"strictCompatibility":false,"locales":[],"targetApplications":[{"id":"{ec8030f7-c20a-464f-9b0e-13a3a9e97384}","minVersion":"59.0.3","maxVersion":"59.*"}],"targetPlatforms":[],"multiprocessCompatible":true,"seen":true,"dependencies":[],"hasEmbeddedWebExtension":false,"mpcOptedOut":false,"userPermissions":null,"icons":{},"iconURL":null,"icon64URL":null,"blocklistState":0,"blocklistURL":null,"startupData":null}
1526453873990	addons.manager	DEBUG	Registering startup change 'installed' for webcompat@mozilla.org
1526453873990	addons.xpi	DEBUG	Loading bootstrap scope from C:\Program Files\Mozilla Firefox\browser\features\webcompat@mozilla.org.xpi
1526453873992	addons.xpi	DEBUG	Calling bootstrap method install on webcompat@mozilla.org version 1.1
1526453873992	addons.xpi-utils	DEBUG	Make addon app-system-defaults:webcompat@mozilla.org visible
1526453873992	addons.xpi	DEBUG	Updating XPIState for {"id":"webcompat@mozilla.org","syncGUID":"{164936f1-86fd-451a-a49d-e9038fb9e472}","location":"app-system-defaults","version":"1.1","type":"extension","internalName":null,"updateURL":null,"updateKey":null,"optionsURL":null,"optionsType":null,"aboutURL":null,"defaultLocale":{"name":"Web Compat","description":"Urgent post-release fixes for web compatibility.","creator":null,"homepageURL":null},"visible":true,"active":false,"userDisabled":false,"appDisabled":false,"installDate":1525276296938,"updateDate":1525276296938,"applyBackgroundUpdates":1,"bootstrap":true,"path":"C:\\Program Files\\Mozilla Firefox\\browser\\features\\webcompat@mozilla.org.xpi","skinnable":false,"size":9268,"sourceURI":null,"releaseNotesURI":null,"softDisabled":false,"foreignInstall":false,"hasBinaryComponents":false,"strictCompatibility":false,"locales":[],"targetApplications":[{"id":"{ec8030f7-c20a-464f-9b0e-13a3a9e97384}","minVersion":"59.0.3","maxVersion":"59.*"}],"targetPlatforms":[],"multiprocessCompatible":true,"seen":true,"dependencies":[],"hasEmbeddedWebExtension":false,"mpcOptedOut":false,"userPermissions":null,"icons":{},"iconURL":null,"icon64URL":null,"blocklistState":0,"blocklistURL":null,"startupData":null}
1526453873992	addons.xpi-utils	DEBUG	Make addon app-global:{972ce4c6-7e08-4474-a285-3208198ce6fd} visible
1526453873992	addons.xpi	DEBUG	Updating XPIState for {"id":"{972ce4c6-7e08-4474-a285-3208198ce6fd}","syncGUID":"{950d4791-09e9-47fd-90b4-7da35f35c34c}","location":"app-global","version":"59.0.3","type":"theme","internalName":"classic/1.0","updateURL":null,"updateKey":null,"optionsURL":null,"optionsType":null,"optionsBrowserStyle":null,"aboutURL":null,"defaultLocale":{"name":"Default","description":"The default theme.","creator":"Mozilla","homepageURL":null,"contributors":["Mozilla Contributors"]},"visible":true,"active":false,"userDisabled":false,"appDisabled":false,"installDate":1525276296978,"updateDate":1525276296978,"applyBackgroundUpdates":1,"path":"C:\\Program Files\\Mozilla Firefox\\browser\\extensions\\{972ce4c6-7e08-4474-a285-3208198ce6fd}.xpi","skinnable":true,"size":3016,"sourceURI":null,"releaseNotesURI":null,"softDisabled":false,"foreignInstall":false,"hasBinaryComponents":false,"strictCompatibility":true,"locales":[],"targetApplications":[{"id":"{ec8030f7-c20a-464f-9b0e-13a3a9e97384}","minVersion":"59.0.3","maxVersion":"59.0.3"}],"targetPlatforms":[],"seen":true,"dependencies":[],"hasEmbeddedWebExtension":false,"userPermissions":null,"icons":{},"iconURL":"chrome://browser/content/default-theme-icon.svg","icon64URL":null,"blocklistState":0,"blocklistURL":null,"startupData":null}
1526453873992	addons.xpi	DEBUG	Updating XPIState for {"id":"activity-stream@mozilla.org","syncGUID":"{d927c829-14ee-4fee-b2cf-830a1df4a272}","location":"app-system-defaults","version":"2018.02.17.0026-173e2795","type":"extension","internalName":null,"updateURL":null,"updateKey":null,"optionsURL":null,"optionsType":null,"aboutURL":null,"defaultLocale":{"name":"Activity Stream","description":"A rich visual history feed and a reimagined home page make it easier than ever to find exactly what you're looking for in Firefox.","creator":null,"homepageURL":null},"visible":true,"active":true,"userDisabled":false,"appDisabled":false,"installDate":1525276296976,"updateDate":1525276296976,"applyBackgroundUpdates":1,"bootstrap":true,"path":"C:\\Program Files\\Mozilla Firefox\\browser\\features\\activity-stream@mozilla.org.xpi","skinnable":false,"size":2766943,"sourceURI":null,"releaseNotesURI":null,"softDisabled":false,"foreignInstall":false,"hasBinaryComponents":false,"strictCompatibility":false,"locales":[],"targetApplications":[{"id":"{ec8030f7-c20a-464f-9b0e-13a3a9e97384}","minVersion":"59.0.3","maxVersion":"59.*"}],"targetPlatforms":[],"multiprocessCompatible":true,"seen":true,"dependencies":[],"hasEmbeddedWebExtension":false,"mpcOptedOut":false,"userPermissions":null,"icons":{},"iconURL":null,"icon64URL":null,"blocklistState":0,"blocklistURL":null,"startupData":null}
1526453873992	addons.xpi	DEBUG	Updating XPIState for {"id":"aushelper@mozilla.org","syncGUID":"{691b3515-0946-4daa-876b-e849655ec23f}","location":"app-system-defaults","version":"2.0","type":"extension","internalName":null,"updateURL":null,"updateKey":null,"optionsURL":null,"optionsType":null,"aboutURL":null,"defaultLocale":{"name":"Application Update Service Helper","description":"Sets value(s) in the update url based on custom checks.","creator":null,"homepageURL":null},"visible":true,"active":true,"userDisabled":false,"appDisabled":false,"installDate":1525276296960,"updateDate":1525276296960,"applyBackgroundUpdates":1,"bootstrap":true,"path":"C:\\Program Files\\Mozilla Firefox\\browser\\features\\aushelper@mozilla.org.xpi","skinnable":false,"size":8488,"sourceURI":null,"releaseNotesURI":null,"softDisabled":false,"foreignInstall":false,"hasBinaryComponents":false,"strictCompatibility":false,"locales":[],"targetApplications":[{"id":"{ec8030f7-c20a-464f-9b0e-13a3a9e97384}","minVersion":"59.0.3","maxVersion":"59.*"}],"targetPlatforms":[],"multiprocessCompatible":true,"seen":true,"dependencies":[],"hasEmbeddedWebExtension":false,"mpcOptedOut":false,"userPermissions":null,"icons":{},"iconURL":null,"icon64URL":null,"blocklistState":0,"blocklistURL":null,"startupData":null}
1526453873992	addons.xpi	DEBUG	Updating XPIState for {"id":"firefox@getpocket.com","syncGUID":"{6d2c8963-3a2a-4139-8e3b-f5074e5f0368}","location":"app-system-defaults","version":"1.0.5","type":"extension","internalName":null,"updateURL":null,"updateKey":null,"optionsURL":null,"optionsType":null,"aboutURL":null,"defaultLocale":{"name":"Pocket","description":"When you find something you want to view later, put it in Pocket.","creator":null,"homepageURL":null},"visible":true,"active":true,"userDisabled":false,"appDisabled":false,"installDate":1525276296958,"updateDate":1525276296958,"applyBackgroundUpdates":1,"bootstrap":true,"path":"C:\\Program Files\\Mozilla Firefox\\browser\\features\\firefox@getpocket.com.xpi","skinnable":false,"size":916592,"sourceURI":null,"releaseNotesURI":null,"softDisabled":false,"foreignInstall":false,"hasBinaryComponents":false,"strictCompatibility":false,"locales":[],"targetApplications":[{"id":"{ec8030f7-c20a-464f-9b0e-13a3a9e97384}","minVersion":"59.0.3","maxVersion":"59.*"}],"targetPlatforms":[],"multiprocessCompatible":true,"seen":true,"dependencies":[],"hasEmbeddedWebExtension":false,"mpcOptedOut":false,"userPermissions":null,"icons":{},"iconURL":null,"icon64URL":null,"blocklistState":0,"blocklistURL":null,"startupData":null}
1526453873994	addons.xpi	DEBUG	Updating XPIState for {"id":"followonsearch@mozilla.com","syncGUID":"{d9154b5f-d131-4f12-928f-fb03ef96cec2}","location":"app-system-defaults","version":"0.9.6","type":"extension","internalName":null,"updateURL":null,"updateKey":null,"optionsURL":null,"optionsType":null,"aboutURL":null,"defaultLocale":{"name":"Follow-on Search Telemetry","description":null,"creator":null,"homepageURL":null},"visible":true,"active":true,"userDisabled":false,"appDisabled":false,"installDate":1521832323876,"updateDate":1521832323876,"applyBackgroundUpdates":1,"bootstrap":true,"path":"C:\\Program Files\\Mozilla Firefox\\browser\\features\\followonsearch@mozilla.com.xpi","skinnable":false,"size":18625,"sourceURI":null,"releaseNotesURI":null,"softDisabled":false,"foreignInstall":false,"hasBinaryComponents":false,"strictCompatibility":false,"locales":[],"targetApplications":[{"id":"{ec8030f7-c20a-464f-9b0e-13a3a9e97384}","minVersion":"52.0","maxVersion":"66.*"}],"targetPlatforms":[],"multiprocessCompatible":true,"seen":true,"dependencies":[],"hasEmbeddedWebExtension":false,"mpcOptedOut":false,"userPermissions":null,"icons":{},"iconURL":null,"icon64URL":null,"blocklistState":0,"blocklistURL":null,"startupData":null}
1526453873994	addons.xpi	DEBUG	Updating XPIState for {"id":"formautofill@mozilla.org","syncGUID":"{96075fa3-f7c1-43b4-ad24-81c711102bb7}","location":"app-system-defaults","version":"1.0","type":"extension","internalName":null,"updateURL":null,"updateKey":null,"optionsURL":null,"optionsType":null,"aboutURL":null,"defaultLocale":{"name":"Form Autofill","description":"Autofill forms with saved profiles","creator":null,"homepageURL":null},"visible":true,"active":true,"userDisabled":false,"appDisabled":false,"installDate":1525276296950,"updateDate":1525276296950,"applyBackgroundUpdates":1,"bootstrap":true,"path":"C:\\Program Files\\Mozilla Firefox\\browser\\features\\formautofill@mozilla.org.xpi","skinnable":false,"size":458507,"sourceURI":null,"releaseNotesURI":null,"softDisabled":false,"foreignInstall":false,"hasBinaryComponents":false,"strictCompatibility":false,"locales":[],"targetApplications":[{"id":"{ec8030f7-c20a-464f-9b0e-13a3a9e97384}","minVersion":"59.0.3","maxVersion":"59.*"}],"targetPlatforms":[],"multiprocessCompatible":true,"seen":true,"dependencies":[],"hasEmbeddedWebExtension":false,"mpcOptedOut":false,"userPermissions":null,"icons":{},"iconURL":null,"icon64URL":null,"blocklistState":0,"blocklistURL":null,"startupData":null}
1526453873994	addons.xpi	DEBUG	Updating XPIState for {"id":"onboarding@mozilla.org","syncGUID":"{c2a3e417-8f31-42be-b840-cb1b76e320dd}","location":"app-system-defaults","version":"1.0","type":"extension","internalName":null,"updateURL":null,"updateKey":null,"optionsURL":null,"optionsType":null,"aboutURL":null,"defaultLocale":{"name":"Photon onboarding","description":"Photon onboarding","creator":null,"homepageURL":null},"visible":true,"active":true,"userDisabled":false,"appDisabled":false,"installDate":1525276296946,"updateDate":1525276296946,"applyBackgroundUpdates":1,"bootstrap":true,"path":"C:\\Program Files\\Mozilla Firefox\\browser\\features\\onboarding@mozilla.org.xpi","skinnable":false,"size":567200,"sourceURI":null,"releaseNotesURI":null,"softDisabled":false,"foreignInstall":false,"hasBinaryComponents":false,"strictCompatibility":false,"locales":[],"targetApplications":[{"id":"{ec8030f7-c20a-464f-9b0e-13a3a9e97384}","minVersion":"59.0.3","maxVersion":"59.*"}],"targetPlatforms":[],"multiprocessCompatible":true,"seen":true,"dependencies":[],"hasEmbeddedWebExtension":false,"mpcOptedOut":false,"userPermissions":null,"icons":{},"iconURL":null,"icon64URL":null,"blocklistState":0,"blocklistURL":null,"startupData":null}
1526453873994	addons.xpi	DEBUG	Updating XPIState for {"id":"screenshots@mozilla.org","syncGUID":"{556dab2c-d802-4fd5-a021-dd1e6f2ee5aa}","location":"app-system-defaults","version":"25.0.0","type":"extension","internalName":null,"updateURL":null,"updateKey":null,"optionsURL":null,"optionsType":null,"aboutURL":null,"defaultLocale":{"name":"Firefox Screenshots","description":null,"creator":null,"homepageURL":"https://screenshots.firefox.com/"},"visible":true,"active":true,"userDisabled":false,"appDisabled":false,"installDate":1521832323894,"updateDate":1521832323894,"applyBackgroundUpdates":1,"bootstrap":true,"path":"C:\\Program Files\\Mozilla Firefox\\browser\\features\\screenshots@mozilla.org.xpi","skinnable":false,"size":994512,"sourceURI":null,"releaseNotesURI":null,"softDisabled":false,"foreignInstall":false,"hasBinaryComponents":false,"strictCompatibility":false,"locales":[],"targetApplications":[{"id":"{ec8030f7-c20a-464f-9b0e-13a3a9e97384}","minVersion":"57.0a1","maxVersion":"*"}],"targetPlatforms":[],"multiprocessCompatible":true,"seen":true,"dependencies":[],"hasEmbeddedWebExtension":false,"mpcOptedOut":false,"userPermissions":null,"icons":{},"iconURL":null,"icon64URL":null,"blocklistState":0,"blocklistURL":null,"startupData":null}
1526453873994	addons.xpi	DEBUG	Updating XPIState for {"id":"shield-recipe-client@mozilla.org","syncGUID":"{20626501-4539-49ea-9407-0672f553f91e}","location":"app-system-defaults","version":"80","type":"extension","internalName":null,"updateURL":null,"updateKey":null,"optionsURL":null,"optionsType":null,"aboutURL":null,"defaultLocale":{"name":"Shield Recipe Client","description":"Client to download and run recipes for SHIELD, Heartbeat, etc.","creator":null,"homepageURL":null},"visible":true,"active":true,"userDisabled":false,"appDisabled":false,"installDate":1525276296942,"updateDate":1525276296942,"applyBackgroundUpdates":1,"bootstrap":true,"path":"C:\\Program Files\\Mozilla Firefox\\browser\\features\\shield-recipe-client@mozilla.org.xpi","skinnable":false,"size":365969,"sourceURI":null,"releaseNotesURI":null,"softDisabled":false,"foreignInstall":false,"hasBinaryComponents":false,"strictCompatibility":false,"locales":[],"targetApplications":[{"id":"{ec8030f7-c20a-464f-9b0e-13a3a9e97384}","minVersion":"59.0.3","maxVersion":"59.*"}],"targetPlatforms":[],"multiprocessCompatible":true,"seen":true,"dependencies":[],"hasEmbeddedWebExtension":false,"mpcOptedOut":false,"userPermissions":null,"icons":{},"iconURL":null,"icon64URL":null,"blocklistState":0,"blocklistURL":null,"startupData":null}
1526453873994	addons.xpi	DEBUG	Updating XPIState for {"id":"webcompat@mozilla.org","syncGUID":"{164936f1-86fd-451a-a49d-e9038fb9e472}","location":"app-system-defaults","version":"1.1","type":"extension","internalName":null,"updateURL":null,"updateKey":null,"optionsURL":null,"optionsType":null,"aboutURL":null,"defaultLocale":{"name":"Web Compat","description":"Urgent post-release fixes for web compatibility.","creator":null,"homepageURL":null},"visible":true,"active":true,"userDisabled":false,"appDisabled":false,"installDate":1525276296938,"updateDate":1525276296938,"applyBackgroundUpdates":1,"bootstrap":true,"path":"C:\\Program Files\\Mozilla Firefox\\browser\\features\\webcompat@mozilla.org.xpi","skinnable":false,"size":9268,"sourceURI":null,"releaseNotesURI":null,"softDisabled":false,"foreignInstall":false,"hasBinaryComponents":false,"strictCompatibility":false,"locales":[],"targetApplications":[{"id":"{ec8030f7-c20a-464f-9b0e-13a3a9e97384}","minVersion":"59.0.3","maxVersion":"59.*"}],"targetPlatforms":[],"multiprocessCompatible":true,"seen":true,"dependencies":[],"hasEmbeddedWebExtension":false,"mpcOptedOut":false,"userPermissions":null,"icons":{},"iconURL":null,"icon64URL":null,"blocklistState":0,"blocklistURL":null,"startupData":null}
1526453873994	addons.xpi	DEBUG	Updating XPIState for {"id":"{972ce4c6-7e08-4474-a285-3208198ce6fd}","syncGUID":"{950d4791-09e9-47fd-90b4-7da35f35c34c}","location":"app-global","version":"59.0.3","type":"theme","internalName":"classic/1.0","updateURL":null,"updateKey":null,"optionsURL":null,"optionsType":null,"optionsBrowserStyle":null,"aboutURL":null,"defaultLocale":{"name":"Default","description":"The default theme.","creator":"Mozilla","homepageURL":null,"contributors":["Mozilla Contributors"]},"visible":true,"active":true,"userDisabled":false,"appDisabled":false,"installDate":1525276296978,"updateDate":1525276296978,"applyBackgroundUpdates":1,"path":"C:\\Program Files\\Mozilla Firefox\\browser\\extensions\\{972ce4c6-7e08-4474-a285-3208198ce6fd}.xpi","skinnable":true,"size":3016,"sourceURI":null,"releaseNotesURI":null,"softDisabled":false,"foreignInstall":false,"hasBinaryComponents":false,"strictCompatibility":true,"locales":[],"targetApplications":[{"id":"{ec8030f7-c20a-464f-9b0e-13a3a9e97384}","minVersion":"59.0.3","maxVersion":"59.0.3"}],"targetPlatforms":[],"seen":true,"dependencies":[],"hasEmbeddedWebExtension":false,"userPermissions":null,"icons":{},"iconURL":"chrome://browser/content/default-theme-icon.svg","icon64URL":null,"blocklistState":0,"blocklistURL":null,"startupData":null}
1526453873994	addons.xpi	DEBUG	Updating database with changes to installed add-ons
1526453873994	addons.xpi-utils	DEBUG	Updating add-on states
1526453873996	addons.xpi	DEBUG	Registering manifest for C:\Program Files\Mozilla Firefox\browser\features\activity-stream@mozilla.org.xpi
1526453873996	addons.xpi	DEBUG	Calling bootstrap method startup on activity-stream@mozilla.org version 2018.02.17.0026-173e2795
1526453873996	addons.xpi	DEBUG	Registering manifest for C:\Program Files\Mozilla Firefox\browser\features\aushelper@mozilla.org.xpi
1526453873996	addons.xpi	DEBUG	Calling bootstrap method startup on aushelper@mozilla.org version 2.0
1526453873998	addons.xpi	DEBUG	Registering manifest for C:\Program Files\Mozilla Firefox\browser\features\firefox@getpocket.com.xpi
1526453873998	addons.xpi	DEBUG	Calling bootstrap method startup on firefox@getpocket.com version 1.0.5
1526453874004	addons.xpi	DEBUG	Registering manifest for C:\Program Files\Mozilla Firefox\browser\features\followonsearch@mozilla.com.xpi
1526453874004	addons.xpi	DEBUG	Calling bootstrap method startup on followonsearch@mozilla.com version 0.9.6
1526453874004	addons.xpi	DEBUG	Registering manifest for C:\Program Files\Mozilla Firefox\browser\features\formautofill@mozilla.org.xpi
1526453874004	addons.xpi	DEBUG	Calling bootstrap method startup on formautofill@mozilla.org version 1.0
1526453874004	addons.xpi	DEBUG	Registering manifest for C:\Program Files\Mozilla Firefox\browser\features\onboarding@mozilla.org.xpi
1526453874004	addons.xpi	DEBUG	Calling bootstrap method startup on onboarding@mozilla.org version 1.0
1526453874004	addons.xpi	DEBUG	Registering manifest for C:\Program Files\Mozilla Firefox\browser\features\screenshots@mozilla.org.xpi
1526453874006	addons.xpi	DEBUG	Calling bootstrap method startup on screenshots@mozilla.org version 25.0.0
1526453874006	addons.xpi	DEBUG	Registering manifest for C:\Program Files\Mozilla Firefox\browser\features\shield-recipe-client@mozilla.org.xpi
1526453874006	addons.xpi	DEBUG	Calling bootstrap method startup on shield-recipe-client@mozilla.org version 80
1526453874008	addons.xpi	DEBUG	Registering manifest for C:\Program Files\Mozilla Firefox\browser\features\webcompat@mozilla.org.xpi
1526453874008	addons.xpi	DEBUG	Calling bootstrap method startup on webcompat@mozilla.org version 1.1
1526453874010	addons.manager	DEBUG	Registering shutdown blocker for XPIProvider
1526453874010	addons.manager	DEBUG	Provider finished startup: XPIProvider
1526453874010	addons.manager	DEBUG	Starting provider: LightweightThemeManager
1526453874010	addons.manager	DEBUG	Registering shutdown blocker for LightweightThemeManager
1526453874010	addons.manager	DEBUG	Provider finished startup: LightweightThemeManager
1526453874010	addons.manager	DEBUG	Starting provider: GMPProvider
1526453874018	addons.manager	DEBUG	Registering shutdown blocker for GMPProvider
1526453874018	addons.manager	DEBUG	Provider finished startup: GMPProvider
1526453874018	addons.manager	DEBUG	Starting provider: PluginProvider
1526453874018	addons.manager	DEBUG	Registering shutdown blocker for PluginProvider
1526453874018	addons.manager	DEBUG	Provider finished startup: PluginProvider
1526453874018	addons.manager	DEBUG	Completed startup sequence
Unable to read VR Path Registry from C:\Users\juhis\AppData\Local\openvr\openvrpaths.vrpath
1526453874110	Marionette	INFO	Enabled via --marionette
1526453874196	addons.manager	DEBUG	Starting provider: PreviousExperimentProvider
1526453874196	addons.manager	DEBUG	Registering shutdown blocker for PreviousExperimentProvider
1526453874196	addons.manager	DEBUG	Provider finished startup: PreviousExperimentProvider
Unable to read VR Path Registry from C:\Users\juhis\AppData\Local\openvr\openvrpaths.vrpath
Unable to read VR Path Registry from C:\Users\juhis\AppData\Local\openvr\openvrpaths.vrpath
Unable to read VR Path Registry from C:\Users\juhis\AppData\Local\openvr\openvrpaths.vrpath
1526453874568	addons.xpi-utils	DEBUG	XPI Database saved, setting schema version preference to 24
1526453874710	addons.xpi	INFO	Mapping activity-stream@mozilla.org to C:\Program Files\Mozilla Firefox\browser\features\activity-stream@mozilla.org.xpi
1526453874710	addons.xpi	INFO	Mapping aushelper@mozilla.org to C:\Program Files\Mozilla Firefox\browser\features\aushelper@mozilla.org.xpi
1526453874710	addons.xpi	INFO	Mapping firefox@getpocket.com to C:\Program Files\Mozilla Firefox\browser\features\firefox@getpocket.com.xpi
1526453874710	addons.xpi	INFO	Mapping followonsearch@mozilla.com to C:\Program Files\Mozilla Firefox\browser\features\followonsearch@mozilla.com.xpi
1526453874710	addons.xpi	INFO	Mapping formautofill@mozilla.org to C:\Program Files\Mozilla Firefox\browser\features\formautofill@mozilla.org.xpi
1526453874710	addons.xpi	INFO	Mapping onboarding@mozilla.org to C:\Program Files\Mozilla Firefox\browser\features\onboarding@mozilla.org.xpi
1526453874710	addons.xpi	INFO	Mapping screenshots@mozilla.org to C:\Program Files\Mozilla Firefox\browser\features\screenshots@mozilla.org.xpi
1526453874710	addons.xpi	INFO	Mapping shield-recipe-client@mozilla.org to C:\Program Files\Mozilla Firefox\browser\features\shield-recipe-client@mozilla.org.xpi
1526453874710	addons.xpi	INFO	Mapping webcompat@mozilla.org to C:\Program Files\Mozilla Firefox\browser\features\webcompat@mozilla.org.xpi
1526453874710	addons.xpi	DEBUG	Existing add-on activity-stream@mozilla.org in app-system-defaults
1526453874710	addons.xpi	DEBUG	Existing add-on aushelper@mozilla.org in app-system-defaults
1526453874710	addons.xpi	DEBUG	Existing add-on firefox@getpocket.com in app-system-defaults
1526453874710	addons.xpi	DEBUG	Existing add-on followonsearch@mozilla.com in app-system-defaults
1526453874710	addons.xpi	DEBUG	Existing add-on formautofill@mozilla.org in app-system-defaults
1526453874710	addons.xpi	DEBUG	Existing add-on onboarding@mozilla.org in app-system-defaults
1526453874710	addons.xpi	DEBUG	Existing add-on screenshots@mozilla.org in app-system-defaults
1526453874710	addons.xpi	DEBUG	Existing add-on shield-recipe-client@mozilla.org in app-system-defaults
1526453874710	addons.xpi	DEBUG	Existing add-on webcompat@mozilla.org in app-system-defaults
1526453874712	addons.xpi	INFO	Mapping {972ce4c6-7e08-4474-a285-3208198ce6fd} to C:\Program Files\Mozilla Firefox\browser\extensions\{972ce4c6-7e08-4474-a285-3208198ce6fd}.xpi
1526453874712	addons.xpi	DEBUG	Existing add-on {972ce4c6-7e08-4474-a285-3208198ce6fd} in app-global
1526453874712	addons.xpi	DEBUG	getInstallState changed: false, state: {}
Unable to read VR Path Registry from C:\Users\juhis\AppData\Local\openvr\openvrpaths.vrpath
1526453874796	Marionette	INFO	Listening on port 61976
1526453875068	Marionette	WARN	TLS certificate errors will be ignored for this session
JavaScript error: https://www.xamk.fi/, line 6: ReferenceError: gtmYTplayers is not defined
JavaScript error: https://www.xamk.fi/koulutus/, line 6: ReferenceError: gtmYTplayers is not defined
JavaScript error: https://www.xamk.fi/koulutus/tutkinto-amk/, line 6: ReferenceError: gtmYTplayers is not defined
1526453883170	addons.xpi	DEBUG	Calling bootstrap method shutdown on webcompat@mozilla.org version 1.1
1526453883172	addons.xpi	DEBUG	Calling bootstrap method shutdown on shield-recipe-client@mozilla.org version 80
1526453883172	addons.xpi	DEBUG	Calling bootstrap method shutdown on screenshots@mozilla.org version 25.0.0
1526453883174	addons.xpi	DEBUG	Calling bootstrap method shutdown on onboarding@mozilla.org version 1.0
1526453883174	addons.xpi	DEBUG	Calling bootstrap method shutdown on formautofill@mozilla.org version 1.0
1526453883174	addons.xpi	DEBUG	Calling bootstrap method shutdown on followonsearch@mozilla.com version 0.9.6
1526453883174	addons.xpi	DEBUG	Calling bootstrap method shutdown on firefox@getpocket.com version 1.0.5
1526453883176	addons.xpi	DEBUG	Calling bootstrap method shutdown on aushelper@mozilla.org version 2.0
1526453883176	addons.xpi	DEBUG	Calling bootstrap method shutdown on activity-stream@mozilla.org version 2018.02.17.0026-173e2795
[Child 14440, Chrome_ChildThread] WARNING: pipe error: 109: file z:/build/build/src/ipc/chromium/src/chrome/common/ipc_channel_win.cc, line 346
[Child 14440, Chrome[Parent 9084, Gecko_IOThread] WARNING: pipe error: 109: file z:/build/build/src/ipc/chromium/src/chrome/common/ipc_channel_win.cc, line 346
[Child 3428, Chrome_ChildThread] WARNING: pipe error: 109: file z:/build/build/src/ipc/chromium/src/chrome/common/ipc_channel_win.cc, line 346
[Child 3428, Chrome_Chil[Parent 9084, Gecko_IOThread] WARNING: pipe error: 109: file z:/build/build/src/ipc/chromium/src/chrome/common/ipc_channel_win.cc, line 346
[Child 8796, Chrome_ChildThread] WARNING: pipe error: 109: file z:/build/build/src/ipc/chromium/src/chrome/common/ipc_channel_win.cc, line 346
[Child 8796, Chrome_1526453883218	addons.manager	DEBUG	shutdown
1526453883218	addons.manager	DEBUG	Calling shutdown blocker for XPIProvider
1526453883218	addons.xpi	DEBUG	shutdown
1526453883218	addons.xpi-utils	DEBUG	shutdown
1526453883218	addons.manager	DEBUG	Calling shutdown blocker for LightweightThemeManager
1526453883218	addons.manager	DEBUG	Calling shutdown blocker for GMPProvider
1526453883218	addons.manager	DEBUG	Calling shutdown blocker for PluginProvider
1526453883218	addons.manager	DEBUG	Calling shutdown blocker for PreviousExperimentProvider
1526453883220	addons.manager	DEBUG	Async provider shutdown done
*** UTM:SVC TimerManager:registerTimer called after profile-before-change notification. Ignoring timer registration for id: telemetry_modules_ping
[GPU 7932, 
###!!! [Child][MessageChannel::SendAndWait] Error: Channel error: cannot send/recv

1550335020420	geckodriver	INFO	geckodriver 0.20.1
1550335020426	geckodriver	INFO	Listening on 127.0.0.1:50157
1550335023431	mozrunner::runner	INFO	Running command: "C:\\Program Files\\Mozilla Firefox\\firefox.exe" "-marionette" "-profile" "C:\\Users\\juhis\\AppData\\Local\\Temp\\rust_mozprofile.G4PkXTQzMct7"
